{"environment": [], "steps_definition": {"192217315745894": "User fills checkout details with first name:'{first_name}', last name:'{last_name}', and postal code:'{postal_code}'", "11223580375418": "User clicks Cancel on overview", "109283852238002": "User navigates to the cart page", "280215957271770": "The cart badge should show the correct number of items", "147134680195581": "User login as '{username}' user", "123139188092141": "User navigates to the inventory page", "154918332115740": "User adds item '{item}' to the cart", "108534904554341": "User clicks on the cart icon", "66487585793016": "User proceeds to checkout page", "76108294797709": "User continue from checkout overview", "233989532720061": "Error: Last Name is required should be displayed", "172265732957638": "User should see 6 products listed", "252623999869718": "the user sorts products by '{sort_option}'", "135943154184953": "the products should be sorted by '{sort_type}' order", "147388464936684": "user logs out from the application", "275050404961468": "user should be redirected to the login page", "110285183024056": "User removes item '{item}' from the cart", "65467908862016": "User verify the items in cart", "87802927958342": "User should be navigated to the checkout page", "216373295947596": "User verifies total amount as well as finishes the order", "150099296443083": "User should see the order confirmation page with message Thank you for your order!", "192690671948980": "User enters '{username}' as username", "213548145307333": "User on the login page", "26917957609233": "User submit the login form", "261766731892203": "User should see an error message indicating incorrect/incomplete credentials"}, "features": [{"name": "Checkout Page", "status": "error", "duration": 7.6, "filename": "Behave/features/checkout.feature", "scenarios": [{"line": 17, "name": "Error on empty checkout fields", "duration": 3.560502290725708, "status": "error", "start": 1766385720727, "stop": 1766385724289, "tags": [], "filename": "Behave/features/checkout.feature", "feature": "Checkout Page", "id_feature": 57262, "steps": [{"step_type": "when", "name": "User fills checkout details with first name:'John', last name:'Problem', and postal code:'12345'", "text": "None", "status": "skipped", "duration": 0.0, "line": 18, "hash": 192217315745894, "index": 0}, {"step_type": "then", "name": "User continue from checkout overview", "text": "None", "status": "skipped", "duration": 0.0, "line": 19, "hash": 76108294797709, "index": 1}, {"step_type": "then", "name": "Error: Last Name is required should be displayed", "text": "None", "status": "skipped", "duration": 0.0, "line": 20, "hash": 233989532720061, "index": 2}], "outline_index": 0, "background": {"duration": 3.560502290725708, "steps": [{"step_type": "given", "name": "User login as 'problem' user", "text": "None", "status": "error", "duration": 3.560502290725708, "start": 1766385720727, "stop": 1766385724288, "index": 0, "background": "True", "hash": 147134680195581}, {"step_type": "then", "name": "User navigates to the inventory page", "text": "None", "status": "skipped", "duration": 0, "index": 1, "background": "True", "hash": 123139188092141}, {"step_type": "when", "name": "User adds item 'backpack' to the cart", "text": "None", "status": "skipped", "duration": 0, "index": 2, "background": "True", "hash": 154918332115740}, {"step_type": "when", "name": "User adds item 'Onesie' to the cart", "text": "None", "status": "skipped", "duration": 0, "index": 3, "background": "True", "hash": 154918332115740}, {"step_type": "when", "name": "User clicks on the cart icon", "text": "None", "status": "skipped", "duration": 0, "index": 4, "background": "True", "hash": 108534904554341}, {"step_type": "when", "name": "User proceeds to checkout page", "text": "None", "status": "skipped", "duration": 0, "index": 5, "background": "True", "hash": 66487585793016}], "name": "User logged in as problem user and on inventory page"}, "error_msg": ["'NoneType' object has no attribute 'encode'"], "error_lines": ["Traceback (most recent call last):\n", "  File \"C:\\Users\\hp\\Documents\\karunesh\\Playwright\\.venv\\lib\\site-packages\\behave\\model.py\", line 1991, in run\n    match.run(runner.context)\n", "  File \"C:\\Users\\hp\\Documents\\karunesh\\Playwright\\.venv\\lib\\site-packages\\behave\\matchers.py\", line 105, in run\n    self.func(context, *args, **kwargs)\n", "  File \"Behave\\features\\steps\\login_steps.py\", line 10, in step_user_login\n    context.login_page.fill_credentials(username)\n", "  File \"C:\\Users\\hp\\Documents\\karunesh\\Playwright\\Behave\\features\\..\\pages\\login_page.py\", line 47, in fill_credentials\n    user = get_user(user_key)\n", "  File \"C:\\Users\\hp\\Documents\\karunesh\\Playwright\\Behave\\features\\..\\utilities\\credentials.py\", line 9, in get_user\n    return decrypt(encrypted.get(user_key))\n", "  File \"C:\\Users\\hp\\Documents\\karunesh\\Playwright\\Behave\\features\\..\\utilities\\crypto_utils.py\", line 10, in decrypt\n    return get_fernet().decrypt(value.encode()).decode()\n", "  File \"C:\\Users\\hp\\Documents\\karunesh\\Playwright\\Behave\\features\\..\\utilities\\crypto_utils.py\", line 7, in get_fernet\n    return Fernet(key.encode())\n", "AttributeError: 'NoneType' object has no attribute 'encode'\n"], "error_step": {"step_type": "given", "name": "User login as 'problem' user", "text": "None", "status": "error", "duration": 3.560502290725708, "line": 4, "start": 1766385720727, "stop": 1766385724288, "error_msg": "'NoneType' object has no attribute 'encode'", "error_lines": ["Traceback (most recent call last):\n", "  File \"C:\\Users\\hp\\Documents\\karunesh\\Playwright\\.venv\\lib\\site-packages\\behave\\model.py\", line 1991, in run\n    match.run(runner.context)\n", "  File \"C:\\Users\\hp\\Documents\\karunesh\\Playwright\\.venv\\lib\\site-packages\\behave\\matchers.py\", line 105, in run\n    self.func(context, *args, **kwargs)\n", "  File \"Behave\\features\\steps\\login_steps.py\", line 10, in step_user_login\n    context.login_page.fill_credentials(username)\n", "  File \"C:\\Users\\hp\\Documents\\karunesh\\Playwright\\Behave\\features\\..\\pages\\login_page.py\", line 47, in fill_credentials\n    user = get_user(user_key)\n", "  File \"C:\\Users\\hp\\Documents\\karunesh\\Playwright\\Behave\\features\\..\\utilities\\credentials.py\", line 9, in get_user\n    return decrypt(encrypted.get(user_key))\n", "  File \"C:\\Users\\hp\\Documents\\karunesh\\Playwright\\Behave\\features\\..\\utilities\\crypto_utils.py\", line 10, in decrypt\n    return get_fernet().decrypt(value.encode()).decode()\n", "  File \"C:\\Users\\hp\\Documents\\karunesh\\Playwright\\Behave\\features\\..\\utilities\\crypto_utils.py\", line 7, in get_fernet\n    return Fernet(key.encode())\n", "AttributeError: 'NoneType' object has no attribute 'encode'\n"], "hash": 147134680195581, "index": 0, "background": "True"}, "error_background": true, "id_hash": "609a2e12b3ff40098ed2b00e07b5f03c", "identifier_hash": "70ecc9ac7b58e54e11cf400380f1212fc28738dc8d0e9803296970bb77f6a7bf", "process_id": "14104", "worker_id": "4"}, {"line": 11, "name": "Cancel checkout", "duration": 4.0222697257995605, "status": "error", "start": 1766385720961, "stop": 1766385724986, "tags": [], "filename": "Behave/features/checkout.feature", "feature": "Checkout Page", "id_feature": 54308, "steps": [{"step_type": "when", "name": "User fills checkout details with first name:'John', last name:'Problem', and postal code:'12345'", "text": "None", "status": "skipped", "duration": 0.0, "line": 12, "hash": 192217315745894, "index": 0}, {"step_type": "when", "name": "User clicks Cancel on overview", "text": "None", "status": "skipped", "duration": 0.0, "line": 13, "hash": 11223580375418, "index": 1}, {"step_type": "then", "name": "User navigates to the cart page", "text": "None", "status": "skipped", "duration": 0.0, "line": 14, "hash": 109283852238002, "index": 2}, {"step_type": "then", "name": "The cart badge should show the correct number of items", "text": "None", "status": "skipped", "duration": 0.0, "line": 15, "hash": 280215957271770, "index": 3}], "outline_index": 0, "background": {"duration": 4.0222697257995605, "steps": [{"step_type": "given", "name": "User login as 'problem' user", "text": "None", "status": "error", "duration": 4.0222697257995605, "start": 1766385720962, "stop": 1766385724985, "index": 0, "background": "True", "hash": 147134680195581}, {"step_type": "then", "name": "User navigates to the inventory page", "text": "None", "status": "skipped", "duration": 0, "index": 1, "background": "True", "hash": 123139188092141}, {"step_type": "when", "name": "User adds item 'backpack' to the cart", "text": "None", "status": "skipped", "duration": 0, "index": 2, "background": "True", "hash": 154918332115740}, {"step_type": "when", "name": "User adds item 'Onesie' to the cart", "text": "None", "status": "skipped", "duration": 0, "index": 3, "background": "True", "hash": 154918332115740}, {"step_type": "when", "name": "User clicks on the cart icon", "text": "None", "status": "skipped", "duration": 0, "index": 4, "background": "True", "hash": 108534904554341}, {"step_type": "when", "name": "User proceeds to checkout page", "text": "None", "status": "skipped", "duration": 0, "index": 5, "background": "True", "hash": 66487585793016}], "name": "User logged in as problem user and on inventory page"}, "error_msg": ["'NoneType' object has no attribute 'encode'"], "error_lines": ["Traceback (most recent call last):\n", "  File \"C:\\Users\\hp\\Documents\\karunesh\\Playwright\\.venv\\lib\\site-packages\\behave\\model.py\", line 1991, in run\n    match.run(runner.context)\n", "  File \"C:\\Users\\hp\\Documents\\karunesh\\Playwright\\.venv\\lib\\site-packages\\behave\\matchers.py\", line 105, in run\n    self.func(context, *args, **kwargs)\n", "  File \"Behave\\features\\steps\\login_steps.py\", line 10, in step_user_login\n    context.login_page.fill_credentials(username)\n", "  File \"C:\\Users\\hp\\Documents\\karunesh\\Playwright\\Behave\\features\\..\\pages\\login_page.py\", line 47, in fill_credentials\n    user = get_user(user_key)\n", "  File \"C:\\Users\\hp\\Documents\\karunesh\\Playwright\\Behave\\features\\..\\utilities\\credentials.py\", line 9, in get_user\n    return decrypt(encrypted.get(user_key))\n", "  File \"C:\\Users\\hp\\Documents\\karunesh\\Playwright\\Behave\\features\\..\\utilities\\crypto_utils.py\", line 10, in decrypt\n    return get_fernet().decrypt(value.encode()).decode()\n", "  File \"C:\\Users\\hp\\Documents\\karunesh\\Playwright\\Behave\\features\\..\\utilities\\crypto_utils.py\", line 7, in get_fernet\n    return Fernet(key.encode())\n", "AttributeError: 'NoneType' object has no attribute 'encode'\n"], "error_step": {"step_type": "given", "name": "User login as 'problem' user", "text": "None", "status": "error", "duration": 4.0222697257995605, "line": 4, "start": 1766385720962, "stop": 1766385724985, "error_msg": "'NoneType' object has no attribute 'encode'", "error_lines": ["Traceback (most recent call last):\n", "  File \"C:\\Users\\hp\\Documents\\karunesh\\Playwright\\.venv\\lib\\site-packages\\behave\\model.py\", line 1991, in run\n    match.run(runner.context)\n", "  File \"C:\\Users\\hp\\Documents\\karunesh\\Playwright\\.venv\\lib\\site-packages\\behave\\matchers.py\", line 105, in run\n    self.func(context, *args, **kwargs)\n", "  File \"Behave\\features\\steps\\login_steps.py\", line 10, in step_user_login\n    context.login_page.fill_credentials(username)\n", "  File \"C:\\Users\\hp\\Documents\\karunesh\\Playwright\\Behave\\features\\..\\pages\\login_page.py\", line 47, in fill_credentials\n    user = get_user(user_key)\n", "  File \"C:\\Users\\hp\\Documents\\karunesh\\Playwright\\Behave\\features\\..\\utilities\\credentials.py\", line 9, in get_user\n    return decrypt(encrypted.get(user_key))\n", "  File \"C:\\Users\\hp\\Documents\\karunesh\\Playwright\\Behave\\features\\..\\utilities\\crypto_utils.py\", line 10, in decrypt\n    return get_fernet().decrypt(value.encode()).decode()\n", "  File \"C:\\Users\\hp\\Documents\\karunesh\\Playwright\\Behave\\features\\..\\utilities\\crypto_utils.py\", line 7, in get_fernet\n    return Fernet(key.encode())\n", "AttributeError: 'NoneType' object has no attribute 'encode'\n"], "hash": 147134680195581, "index": 0, "background": "True"}, "error_background": true, "id_hash": "44a34314e96046b28c1529fb11f994bd", "identifier_hash": "1053c6b09c24620db1d7dbdb750a01d22d4faec735b5a9e40807c52826b10858", "process_id": "15864", "worker_id": "3"}], "background": {"name": "User logged in as problem user and on inventory page", "steps": [{"step_type": "given", "name": "User login as 'problem' user", "text": "None", "status": "untested", "duration": 0, "index": 0, "background": "True", "hash": 147134680195581}, {"step_type": "then", "name": "User navigates to the inventory page", "text": "None", "status": "untested", "duration": 0, "index": 1, "background": "True", "hash": 123139188092141}, {"step_type": "when", "name": "User adds item 'backpack' to the cart", "text": "None", "status": "untested", "duration": 0, "index": 2, "background": "True", "hash": 154918332115740}, {"step_type": "when", "name": "User adds item 'Onesie' to the cart", "text": "None", "status": "untested", "duration": 0, "index": 3, "background": "True", "hash": 154918332115740}, {"step_type": "when", "name": "User clicks on the cart icon", "text": "None", "status": "untested", "duration": 0, "index": 4, "background": "True", "hash": 108534904554341}, {"step_type": "when", "name": "User proceeds to checkout page", "text": "None", "status": "untested", "duration": 0, "index": 5, "background": "True", "hash": 66487585793016}]}, "id": 57262}, {"name": "Inventory Management", "status": "error", "duration": 25.4, "filename": "Behave/features/inventry.feature", "scenarios": [{"line": 7, "name": "Verify available products on inventory page", "duration": 3.7490007877349854, "status": "error", "start": 1766385720831, "stop": 1766385724581, "tags": [], "filename": "Behave/features/inventry.feature", "feature": "Inventory Management", "id_feature": 18287, "steps": [{"step_type": "then", "name": "User should see 6 products listed", "text": "None", "status": "skipped", "duration": 0.0, "line": 8, "hash": 172265732957638, "index": 0}], "outline_index": 0, "background": {"duration": 3.7490007877349854, "steps": [{"step_type": "given", "name": "User login as 'standard' user", "text": "None", "status": "error", "duration": 3.7490007877349854, "start": 1766385720832, "stop": 1766385724581, "index": 0, "background": "True", "hash": 147134680195581}, {"step_type": "then", "name": "User navigates to the inventory page", "text": "None", "status": "skipped", "duration": 0, "index": 1, "background": "True", "hash": 123139188092141}], "name": "User logged in and on inventory page"}, "error_msg": ["'NoneType' object has no attribute 'encode'"], "error_lines": ["Traceback (most recent call last):\n", "  File \"C:\\Users\\hp\\Documents\\karunesh\\Playwright\\.venv\\lib\\site-packages\\behave\\model.py\", line 1991, in run\n    match.run(runner.context)\n", "  File \"C:\\Users\\hp\\Documents\\karunesh\\Playwright\\.venv\\lib\\site-packages\\behave\\matchers.py\", line 105, in run\n    self.func(context, *args, **kwargs)\n", "  File \"Behave\\features\\steps\\login_steps.py\", line 10, in step_user_login\n    context.login_page.fill_credentials(username)\n", "  File \"C:\\Users\\hp\\Documents\\karunesh\\Playwright\\Behave\\features\\..\\pages\\login_page.py\", line 47, in fill_credentials\n    user = get_user(user_key)\n", "  File \"C:\\Users\\hp\\Documents\\karunesh\\Playwright\\Behave\\features\\..\\utilities\\credentials.py\", line 9, in get_user\n    return decrypt(encrypted.get(user_key))\n", "  File \"C:\\Users\\hp\\Documents\\karunesh\\Playwright\\Behave\\features\\..\\utilities\\crypto_utils.py\", line 10, in decrypt\n    return get_fernet().decrypt(value.encode()).decode()\n", "  File \"C:\\Users\\hp\\Documents\\karunesh\\Playwright\\Behave\\features\\..\\utilities\\crypto_utils.py\", line 7, in get_fernet\n    return Fernet(key.encode())\n", "AttributeError: 'NoneType' object has no attribute 'encode'\n"], "error_step": {"step_type": "given", "name": "User login as 'standard' user", "text": "None", "status": "error", "duration": 3.7490007877349854, "line": 4, "start": 1766385720832, "stop": 1766385724581, "error_msg": "'NoneType' object has no attribute 'encode'", "error_lines": ["Traceback (most recent call last):\n", "  File \"C:\\Users\\hp\\Documents\\karunesh\\Playwright\\.venv\\lib\\site-packages\\behave\\model.py\", line 1991, in run\n    match.run(runner.context)\n", "  File \"C:\\Users\\hp\\Documents\\karunesh\\Playwright\\.venv\\lib\\site-packages\\behave\\matchers.py\", line 105, in run\n    self.func(context, *args, **kwargs)\n", "  File \"Behave\\features\\steps\\login_steps.py\", line 10, in step_user_login\n    context.login_page.fill_credentials(username)\n", "  File \"C:\\Users\\hp\\Documents\\karunesh\\Playwright\\Behave\\features\\..\\pages\\login_page.py\", line 47, in fill_credentials\n    user = get_user(user_key)\n", "  File \"C:\\Users\\hp\\Documents\\karunesh\\Playwright\\Behave\\features\\..\\utilities\\credentials.py\", line 9, in get_user\n    return decrypt(encrypted.get(user_key))\n", "  File \"C:\\Users\\hp\\Documents\\karunesh\\Playwright\\Behave\\features\\..\\utilities\\crypto_utils.py\", line 10, in decrypt\n    return get_fernet().decrypt(value.encode()).decode()\n", "  File \"C:\\Users\\hp\\Documents\\karunesh\\Playwright\\Behave\\features\\..\\utilities\\crypto_utils.py\", line 7, in get_fernet\n    return Fernet(key.encode())\n", "AttributeError: 'NoneType' object has no attribute 'encode'\n"], "hash": 147134680195581, "index": 0, "background": "True"}, "error_background": true, "id_hash": "28ccb549c2c74fe799437bb8cd2949b0", "identifier_hash": "dffdff948a6a7d763816a886c123997daf5feb5ca2ad2e9b4fdaf0083dda24d6", "process_id": "12532", "worker_id": "5"}, {"line": 17, "name": "Sort products by different options -- @1.2 ", "duration": 4.494011163711548, "status": "error", "start": 1766385720020, "stop": 1766385724516, "tags": [], "filename": "Behave/features/inventry.feature", "feature": "Inventory Management", "id_feature": 40848, "parameters": {"sort_option": "za", "sort_type": "name descending"}, "steps": [{"step_type": "when", "name": "the user sorts products by 'za'", "text": "None", "status": "skipped", "duration": 0.0, "line": 11, "hash": 252623999869718, "index": 0}, {"step_type": "then", "name": "the products should be sorted by 'name descending' order", "text": "None", "status": "skipped", "duration": 0.0, "line": 12, "hash": 135943154184953, "index": 1}], "outline_index": 1, "background": {"duration": 4.494011163711548, "steps": [{"step_type": "given", "name": "User login as 'standard' user", "text": "None", "status": "error", "duration": 4.494011163711548, "start": 1766385720021, "stop": 1766385724515, "index": 0, "background": "True", "hash": 147134680195581}, {"step_type": "then", "name": "User navigates to the inventory page", "text": "None", "status": "skipped", "duration": 0, "index": 1, "background": "True", "hash": 123139188092141}], "name": "User logged in and on inventory page"}, "error_msg": ["'NoneType' object has no attribute 'encode'"], "error_lines": ["Traceback (most recent call last):\n", "  File \"C:\\Users\\hp\\Documents\\karunesh\\Playwright\\.venv\\lib\\site-packages\\behave\\model.py\", line 1991, in run\n    match.run(runner.context)\n", "  File \"C:\\Users\\hp\\Documents\\karunesh\\Playwright\\.venv\\lib\\site-packages\\behave\\matchers.py\", line 105, in run\n    self.func(context, *args, **kwargs)\n", "  File \"Behave\\features\\steps\\login_steps.py\", line 10, in step_user_login\n    context.login_page.fill_credentials(username)\n", "  File \"C:\\Users\\hp\\Documents\\karunesh\\Playwright\\Behave\\features\\..\\pages\\login_page.py\", line 47, in fill_credentials\n    user = get_user(user_key)\n", "  File \"C:\\Users\\hp\\Documents\\karunesh\\Playwright\\Behave\\features\\..\\utilities\\credentials.py\", line 9, in get_user\n    return decrypt(encrypted.get(user_key))\n", "  File \"C:\\Users\\hp\\Documents\\karunesh\\Playwright\\Behave\\features\\..\\utilities\\crypto_utils.py\", line 10, in decrypt\n    return get_fernet().decrypt(value.encode()).decode()\n", "  File \"C:\\Users\\hp\\Documents\\karunesh\\Playwright\\Behave\\features\\..\\utilities\\crypto_utils.py\", line 7, in get_fernet\n    return Fernet(key.encode())\n", "AttributeError: 'NoneType' object has no attribute 'encode'\n"], "error_step": {"step_type": "given", "name": "User login as 'standard' user", "text": "None", "status": "error", "duration": 4.494011163711548, "line": 4, "start": 1766385720021, "stop": 1766385724515, "error_msg": "'NoneType' object has no attribute 'encode'", "error_lines": ["Traceback (most recent call last):\n", "  File \"C:\\Users\\hp\\Documents\\karunesh\\Playwright\\.venv\\lib\\site-packages\\behave\\model.py\", line 1991, in run\n    match.run(runner.context)\n", "  File \"C:\\Users\\hp\\Documents\\karunesh\\Playwright\\.venv\\lib\\site-packages\\behave\\matchers.py\", line 105, in run\n    self.func(context, *args, **kwargs)\n", "  File \"Behave\\features\\steps\\login_steps.py\", line 10, in step_user_login\n    context.login_page.fill_credentials(username)\n", "  File \"C:\\Users\\hp\\Documents\\karunesh\\Playwright\\Behave\\features\\..\\pages\\login_page.py\", line 47, in fill_credentials\n    user = get_user(user_key)\n", "  File \"C:\\Users\\hp\\Documents\\karunesh\\Playwright\\Behave\\features\\..\\utilities\\credentials.py\", line 9, in get_user\n    return decrypt(encrypted.get(user_key))\n", "  File \"C:\\Users\\hp\\Documents\\karunesh\\Playwright\\Behave\\features\\..\\utilities\\crypto_utils.py\", line 10, in decrypt\n    return get_fernet().decrypt(value.encode()).decode()\n", "  File \"C:\\Users\\hp\\Documents\\karunesh\\Playwright\\Behave\\features\\..\\utilities\\crypto_utils.py\", line 7, in get_fernet\n    return Fernet(key.encode())\n", "AttributeError: 'NoneType' object has no attribute 'encode'\n"], "hash": 147134680195581, "index": 0, "background": "True"}, "error_background": true, "id_hash": "afc31fbe4ded45b388325a5531cbd54a", "identifier_hash": "2e1dd79e7068e679fe1ff6a690a71eee965031e31c057452f59d15e76b90d0b2", "process_id": "4292", "worker_id": "7"}, {"line": 19, "name": "Sort products by different options -- @1.4 ", "duration": 4.116020202636719, "status": "error", "start": 1766385721290, "stop": 1766385725408, "tags": [], "filename": "Behave/features/inventry.feature", "feature": "Inventory Management", "id_feature": 27401, "parameters": {"sort_option": "hilo", "sort_type": "price descending"}, "steps": [{"step_type": "when", "name": "the user sorts products by 'hilo'", "text": "None", "status": "skipped", "duration": 0.0, "line": 11, "hash": 252623999869718, "index": 0}, {"step_type": "then", "name": "the products should be sorted by 'price descending' order", "text": "None", "status": "skipped", "duration": 0.0, "line": 12, "hash": 135943154184953, "index": 1}], "outline_index": 3, "background": {"duration": 4.116020202636719, "steps": [{"step_type": "given", "name": "User login as 'standard' user", "text": "None", "status": "error", "duration": 4.116020202636719, "start": 1766385721291, "stop": 1766385725408, "index": 0, "background": "True", "hash": 147134680195581}, {"step_type": "then", "name": "User navigates to the inventory page", "text": "None", "status": "skipped", "duration": 0, "index": 1, "background": "True", "hash": 123139188092141}], "name": "User logged in and on inventory page"}, "error_msg": ["'NoneType' object has no attribute 'encode'"], "error_lines": ["Traceback (most recent call last):\n", "  File \"C:\\Users\\hp\\Documents\\karunesh\\Playwright\\.venv\\lib\\site-packages\\behave\\model.py\", line 1991, in run\n    match.run(runner.context)\n", "  File \"C:\\Users\\hp\\Documents\\karunesh\\Playwright\\.venv\\lib\\site-packages\\behave\\matchers.py\", line 105, in run\n    self.func(context, *args, **kwargs)\n", "  File \"Behave\\features\\steps\\login_steps.py\", line 10, in step_user_login\n    context.login_page.fill_credentials(username)\n", "  File \"C:\\Users\\hp\\Documents\\karunesh\\Playwright\\Behave\\features\\..\\pages\\login_page.py\", line 47, in fill_credentials\n    user = get_user(user_key)\n", "  File \"C:\\Users\\hp\\Documents\\karunesh\\Playwright\\Behave\\features\\..\\utilities\\credentials.py\", line 9, in get_user\n    return decrypt(encrypted.get(user_key))\n", "  File \"C:\\Users\\hp\\Documents\\karunesh\\Playwright\\Behave\\features\\..\\utilities\\crypto_utils.py\", line 10, in decrypt\n    return get_fernet().decrypt(value.encode()).decode()\n", "  File \"C:\\Users\\hp\\Documents\\karunesh\\Playwright\\Behave\\features\\..\\utilities\\crypto_utils.py\", line 7, in get_fernet\n    return Fernet(key.encode())\n", "AttributeError: 'NoneType' object has no attribute 'encode'\n"], "error_step": {"step_type": "given", "name": "User login as 'standard' user", "text": "None", "status": "error", "duration": 4.116020202636719, "line": 4, "start": 1766385721291, "stop": 1766385725408, "error_msg": "'NoneType' object has no attribute 'encode'", "error_lines": ["Traceback (most recent call last):\n", "  File \"C:\\Users\\hp\\Documents\\karunesh\\Playwright\\.venv\\lib\\site-packages\\behave\\model.py\", line 1991, in run\n    match.run(runner.context)\n", "  File \"C:\\Users\\hp\\Documents\\karunesh\\Playwright\\.venv\\lib\\site-packages\\behave\\matchers.py\", line 105, in run\n    self.func(context, *args, **kwargs)\n", "  File \"Behave\\features\\steps\\login_steps.py\", line 10, in step_user_login\n    context.login_page.fill_credentials(username)\n", "  File \"C:\\Users\\hp\\Documents\\karunesh\\Playwright\\Behave\\features\\..\\pages\\login_page.py\", line 47, in fill_credentials\n    user = get_user(user_key)\n", "  File \"C:\\Users\\hp\\Documents\\karunesh\\Playwright\\Behave\\features\\..\\utilities\\credentials.py\", line 9, in get_user\n    return decrypt(encrypted.get(user_key))\n", "  File \"C:\\Users\\hp\\Documents\\karunesh\\Playwright\\Behave\\features\\..\\utilities\\crypto_utils.py\", line 10, in decrypt\n    return get_fernet().decrypt(value.encode()).decode()\n", "  File \"C:\\Users\\hp\\Documents\\karunesh\\Playwright\\Behave\\features\\..\\utilities\\crypto_utils.py\", line 7, in get_fernet\n    return Fernet(key.encode())\n", "AttributeError: 'NoneType' object has no attribute 'encode'\n"], "hash": 147134680195581, "index": 0, "background": "True"}, "error_background": true, "id_hash": "4a50d9f83b774a98b774f3f4ad406475", "identifier_hash": "5fc2fae28eb3138e40aacea8c6c9f4a5663d0206ac013955c211b2afb56379b3", "process_id": "15156", "worker_id": "9"}, {"line": 18, "name": "Sort products by different options -- @1.3 ", "duration": 4.8550498485565186, "status": "error", "start": 1766385721779, "stop": 1766385726635, "tags": [], "filename": "Behave/features/inventry.feature", "feature": "Inventory Management", "id_feature": 25984, "parameters": {"sort_option": "lohi", "sort_type": "price ascending"}, "steps": [{"step_type": "when", "name": "the user sorts products by 'lohi'", "text": "None", "status": "skipped", "duration": 0.0, "line": 11, "hash": 252623999869718, "index": 0}, {"step_type": "then", "name": "the products should be sorted by 'price ascending' order", "text": "None", "status": "skipped", "duration": 0.0, "line": 12, "hash": 135943154184953, "index": 1}], "outline_index": 2, "background": {"duration": 4.8550498485565186, "steps": [{"step_type": "given", "name": "User login as 'standard' user", "text": "None", "status": "error", "duration": 4.8550498485565186, "start": 1766385721779, "stop": 1766385726634, "index": 0, "background": "True", "hash": 147134680195581}, {"step_type": "then", "name": "User navigates to the inventory page", "text": "None", "status": "skipped", "duration": 0, "index": 1, "background": "True", "hash": 123139188092141}], "name": "User logged in and on inventory page"}, "error_msg": ["'NoneType' object has no attribute 'encode'"], "error_lines": ["Traceback (most recent call last):\n", "  File \"C:\\Users\\hp\\Documents\\karunesh\\Playwright\\.venv\\lib\\site-packages\\behave\\model.py\", line 1991, in run\n    match.run(runner.context)\n", "  File \"C:\\Users\\hp\\Documents\\karunesh\\Playwright\\.venv\\lib\\site-packages\\behave\\matchers.py\", line 105, in run\n    self.func(context, *args, **kwargs)\n", "  File \"Behave\\features\\steps\\login_steps.py\", line 10, in step_user_login\n    context.login_page.fill_credentials(username)\n", "  File \"C:\\Users\\hp\\Documents\\karunesh\\Playwright\\Behave\\features\\..\\pages\\login_page.py\", line 47, in fill_credentials\n    user = get_user(user_key)\n", "  File \"C:\\Users\\hp\\Documents\\karunesh\\Playwright\\Behave\\features\\..\\utilities\\credentials.py\", line 9, in get_user\n    return decrypt(encrypted.get(user_key))\n", "  File \"C:\\Users\\hp\\Documents\\karunesh\\Playwright\\Behave\\features\\..\\utilities\\crypto_utils.py\", line 10, in decrypt\n    return get_fernet().decrypt(value.encode()).decode()\n", "  File \"C:\\Users\\hp\\Documents\\karunesh\\Playwright\\Behave\\features\\..\\utilities\\crypto_utils.py\", line 7, in get_fernet\n    return Fernet(key.encode())\n", "AttributeError: 'NoneType' object has no attribute 'encode'\n"], "error_step": {"step_type": "given", "name": "User login as 'standard' user", "text": "None", "status": "error", "duration": 4.8550498485565186, "line": 4, "start": 1766385721779, "stop": 1766385726634, "error_msg": "'NoneType' object has no attribute 'encode'", "error_lines": ["Traceback (most recent call last):\n", "  File \"C:\\Users\\hp\\Documents\\karunesh\\Playwright\\.venv\\lib\\site-packages\\behave\\model.py\", line 1991, in run\n    match.run(runner.context)\n", "  File \"C:\\Users\\hp\\Documents\\karunesh\\Playwright\\.venv\\lib\\site-packages\\behave\\matchers.py\", line 105, in run\n    self.func(context, *args, **kwargs)\n", "  File \"Behave\\features\\steps\\login_steps.py\", line 10, in step_user_login\n    context.login_page.fill_credentials(username)\n", "  File \"C:\\Users\\hp\\Documents\\karunesh\\Playwright\\Behave\\features\\..\\pages\\login_page.py\", line 47, in fill_credentials\n    user = get_user(user_key)\n", "  File \"C:\\Users\\hp\\Documents\\karunesh\\Playwright\\Behave\\features\\..\\utilities\\credentials.py\", line 9, in get_user\n    return decrypt(encrypted.get(user_key))\n", "  File \"C:\\Users\\hp\\Documents\\karunesh\\Playwright\\Behave\\features\\..\\utilities\\crypto_utils.py\", line 10, in decrypt\n    return get_fernet().decrypt(value.encode()).decode()\n", "  File \"C:\\Users\\hp\\Documents\\karunesh\\Playwright\\Behave\\features\\..\\utilities\\crypto_utils.py\", line 7, in get_fernet\n    return Fernet(key.encode())\n", "AttributeError: 'NoneType' object has no attribute 'encode'\n"], "hash": 147134680195581, "index": 0, "background": "True"}, "error_background": true, "id_hash": "2fe69b2d157345679d8d7ea364b46a4e", "identifier_hash": "38710d8c1ee31bce76cc2ff768f04ea47d92aaebb45103adcb06aa9d76e244ba", "process_id": "15256", "worker_id": "8"}, {"line": 21, "name": "Logout from inventory page", "duration": 3.9195446968078613, "status": "error", "start": 1766385722807, "stop": 1766385726727, "tags": [], "filename": "Behave/features/inventry.feature", "feature": "Inventory Management", "id_feature": 56783, "steps": [{"step_type": "when", "name": "user logs out from the application", "text": "None", "status": "skipped", "duration": 0.0, "line": 22, "hash": 147388464936684, "index": 0}, {"step_type": "then", "name": "user should be redirected to the login page", "text": "None", "status": "skipped", "duration": 0.0, "line": 23, "hash": 275050404961468, "index": 1}], "outline_index": 0, "background": {"duration": 3.9195446968078613, "steps": [{"step_type": "given", "name": "User login as 'standard' user", "text": "None", "status": "error", "duration": 3.9195446968078613, "start": 1766385722807, "stop": 1766385726727, "index": 0, "background": "True", "hash": 147134680195581}, {"step_type": "then", "name": "User navigates to the inventory page", "text": "None", "status": "skipped", "duration": 0, "index": 1, "background": "True", "hash": 123139188092141}], "name": "User logged in and on inventory page"}, "error_msg": ["'NoneType' object has no attribute 'encode'"], "error_lines": ["Traceback (most recent call last):\n", "  File \"C:\\Users\\hp\\Documents\\karunesh\\Playwright\\.venv\\lib\\site-packages\\behave\\model.py\", line 1991, in run\n    match.run(runner.context)\n", "  File \"C:\\Users\\hp\\Documents\\karunesh\\Playwright\\.venv\\lib\\site-packages\\behave\\matchers.py\", line 105, in run\n    self.func(context, *args, **kwargs)\n", "  File \"Behave\\features\\steps\\login_steps.py\", line 10, in step_user_login\n    context.login_page.fill_credentials(username)\n", "  File \"C:\\Users\\hp\\Documents\\karunesh\\Playwright\\Behave\\features\\..\\pages\\login_page.py\", line 47, in fill_credentials\n    user = get_user(user_key)\n", "  File \"C:\\Users\\hp\\Documents\\karunesh\\Playwright\\Behave\\features\\..\\utilities\\credentials.py\", line 9, in get_user\n    return decrypt(encrypted.get(user_key))\n", "  File \"C:\\Users\\hp\\Documents\\karunesh\\Playwright\\Behave\\features\\..\\utilities\\crypto_utils.py\", line 10, in decrypt\n    return get_fernet().decrypt(value.encode()).decode()\n", "  File \"C:\\Users\\hp\\Documents\\karunesh\\Playwright\\Behave\\features\\..\\utilities\\crypto_utils.py\", line 7, in get_fernet\n    return Fernet(key.encode())\n", "AttributeError: 'NoneType' object has no attribute 'encode'\n"], "error_step": {"step_type": "given", "name": "User login as 'standard' user", "text": "None", "status": "error", "duration": 3.9195446968078613, "line": 4, "start": 1766385722807, "stop": 1766385726727, "error_msg": "'NoneType' object has no attribute 'encode'", "error_lines": ["Traceback (most recent call last):\n", "  File \"C:\\Users\\hp\\Documents\\karunesh\\Playwright\\.venv\\lib\\site-packages\\behave\\model.py\", line 1991, in run\n    match.run(runner.context)\n", "  File \"C:\\Users\\hp\\Documents\\karunesh\\Playwright\\.venv\\lib\\site-packages\\behave\\matchers.py\", line 105, in run\n    self.func(context, *args, **kwargs)\n", "  File \"Behave\\features\\steps\\login_steps.py\", line 10, in step_user_login\n    context.login_page.fill_credentials(username)\n", "  File \"C:\\Users\\hp\\Documents\\karunesh\\Playwright\\Behave\\features\\..\\pages\\login_page.py\", line 47, in fill_credentials\n    user = get_user(user_key)\n", "  File \"C:\\Users\\hp\\Documents\\karunesh\\Playwright\\Behave\\features\\..\\utilities\\credentials.py\", line 9, in get_user\n    return decrypt(encrypted.get(user_key))\n", "  File \"C:\\Users\\hp\\Documents\\karunesh\\Playwright\\Behave\\features\\..\\utilities\\crypto_utils.py\", line 10, in decrypt\n    return get_fernet().decrypt(value.encode()).decode()\n", "  File \"C:\\Users\\hp\\Documents\\karunesh\\Playwright\\Behave\\features\\..\\utilities\\crypto_utils.py\", line 7, in get_fernet\n    return Fernet(key.encode())\n", "AttributeError: 'NoneType' object has no attribute 'encode'\n"], "hash": 147134680195581, "index": 0, "background": "True"}, "error_background": true, "id_hash": "6ca074cedc7e4309b2c7b6fae75dc350", "identifier_hash": "f6eeedecc17580a23506e6761743e1894eb185138c3907d3b7f5311c11101737", "process_id": "14176", "worker_id": "10"}, {"line": 16, "name": "Sort products by different options -- @1.1 ", "duration": 4.315489053726196, "status": "error", "start": 1766385722585, "stop": 1766385726902, "tags": [], "filename": "Behave/features/inventry.feature", "feature": "Inventory Management", "id_feature": 31081, "parameters": {"sort_option": "az", "sort_type": "name ascending"}, "steps": [{"step_type": "when", "name": "the user sorts products by 'az'", "text": "None", "status": "skipped", "duration": 0.0, "line": 11, "hash": 252623999869718, "index": 0}, {"step_type": "then", "name": "the products should be sorted by 'name ascending' order", "text": "None", "status": "skipped", "duration": 0.0, "line": 12, "hash": 135943154184953, "index": 1}], "outline_index": 0, "background": {"duration": 4.315489053726196, "steps": [{"step_type": "given", "name": "User login as 'standard' user", "text": "None", "status": "error", "duration": 4.315489053726196, "start": 1766385722585, "stop": 1766385726902, "index": 0, "background": "True", "hash": 147134680195581}, {"step_type": "then", "name": "User navigates to the inventory page", "text": "None", "status": "skipped", "duration": 0, "index": 1, "background": "True", "hash": 123139188092141}], "name": "User logged in and on inventory page"}, "error_msg": ["'NoneType' object has no attribute 'encode'"], "error_lines": ["Traceback (most recent call last):\n", "  File \"C:\\Users\\hp\\Documents\\karunesh\\Playwright\\.venv\\lib\\site-packages\\behave\\model.py\", line 1991, in run\n    match.run(runner.context)\n", "  File \"C:\\Users\\hp\\Documents\\karunesh\\Playwright\\.venv\\lib\\site-packages\\behave\\matchers.py\", line 105, in run\n    self.func(context, *args, **kwargs)\n", "  File \"Behave\\features\\steps\\login_steps.py\", line 10, in step_user_login\n    context.login_page.fill_credentials(username)\n", "  File \"C:\\Users\\hp\\Documents\\karunesh\\Playwright\\Behave\\features\\..\\pages\\login_page.py\", line 47, in fill_credentials\n    user = get_user(user_key)\n", "  File \"C:\\Users\\hp\\Documents\\karunesh\\Playwright\\Behave\\features\\..\\utilities\\credentials.py\", line 9, in get_user\n    return decrypt(encrypted.get(user_key))\n", "  File \"C:\\Users\\hp\\Documents\\karunesh\\Playwright\\Behave\\features\\..\\utilities\\crypto_utils.py\", line 10, in decrypt\n    return get_fernet().decrypt(value.encode()).decode()\n", "  File \"C:\\Users\\hp\\Documents\\karunesh\\Playwright\\Behave\\features\\..\\utilities\\crypto_utils.py\", line 7, in get_fernet\n    return Fernet(key.encode())\n", "AttributeError: 'NoneType' object has no attribute 'encode'\n"], "error_step": {"step_type": "given", "name": "User login as 'standard' user", "text": "None", "status": "error", "duration": 4.315489053726196, "line": 4, "start": 1766385722585, "stop": 1766385726902, "error_msg": "'NoneType' object has no attribute 'encode'", "error_lines": ["Traceback (most recent call last):\n", "  File \"C:\\Users\\hp\\Documents\\karunesh\\Playwright\\.venv\\lib\\site-packages\\behave\\model.py\", line 1991, in run\n    match.run(runner.context)\n", "  File \"C:\\Users\\hp\\Documents\\karunesh\\Playwright\\.venv\\lib\\site-packages\\behave\\matchers.py\", line 105, in run\n    self.func(context, *args, **kwargs)\n", "  File \"Behave\\features\\steps\\login_steps.py\", line 10, in step_user_login\n    context.login_page.fill_credentials(username)\n", "  File \"C:\\Users\\hp\\Documents\\karunesh\\Playwright\\Behave\\features\\..\\pages\\login_page.py\", line 47, in fill_credentials\n    user = get_user(user_key)\n", "  File \"C:\\Users\\hp\\Documents\\karunesh\\Playwright\\Behave\\features\\..\\utilities\\credentials.py\", line 9, in get_user\n    return decrypt(encrypted.get(user_key))\n", "  File \"C:\\Users\\hp\\Documents\\karunesh\\Playwright\\Behave\\features\\..\\utilities\\crypto_utils.py\", line 10, in decrypt\n    return get_fernet().decrypt(value.encode()).decode()\n", "  File \"C:\\Users\\hp\\Documents\\karunesh\\Playwright\\Behave\\features\\..\\utilities\\crypto_utils.py\", line 7, in get_fernet\n    return Fernet(key.encode())\n", "AttributeError: 'NoneType' object has no attribute 'encode'\n"], "hash": 147134680195581, "index": 0, "background": "True"}, "error_background": true, "id_hash": "5ec0e83d9058492095ebf3c9cc5343c7", "identifier_hash": "36e3e994f3e0af3579e1ef7540e33d47f057111fdb7ba0a3a15dd56e2c62d44e", "process_id": "13768", "worker_id": "6"}], "background": {"name": "User logged in and on inventory page", "steps": [{"step_type": "given", "name": "User login as 'standard' user", "text": "None", "status": "untested", "duration": 0, "index": 0, "background": "True", "hash": 147134680195581}, {"step_type": "then", "name": "User navigates to the inventory page", "text": "None", "status": "untested", "duration": 0, "index": 1, "background": "True", "hash": 123139188092141}]}, "id": 18287}, {"name": "Cart Management", "status": "error", "duration": 11.799999999999999, "filename": "Behave/features/cart.feature", "scenarios": [{"line": 11, "name": "Verify cart updates after removing items", "duration": 3.559504747390747, "status": "error", "start": 1766385721018, "stop": 1766385724580, "tags": [], "filename": "Behave/features/cart.feature", "feature": "Cart Management", "id_feature": 53617, "steps": [{"step_type": "when", "name": "User adds item 'bike light' to the cart", "text": "None", "status": "skipped", "duration": 0.0, "line": 12, "hash": 154918332115740, "index": 0}, {"step_type": "when", "name": "User adds item 'bolt t-shirt' to the cart", "text": "None", "status": "skipped", "duration": 0.0, "line": 13, "hash": 154918332115740, "index": 1}, {"step_type": "when", "name": "User removes item 'bike light' from the cart", "text": "None", "status": "skipped", "duration": 0.0, "line": 14, "hash": 110285183024056, "index": 2}, {"step_type": "then", "name": "The cart badge should show the correct number of items", "text": "None", "status": "skipped", "duration": 0.0, "line": 15, "hash": 280215957271770, "index": 3}], "outline_index": 0, "background": {"duration": 3.559504747390747, "steps": [{"step_type": "given", "name": "User login as 'standard' user", "text": "None", "status": "error", "duration": 3.559504747390747, "start": 1766385721019, "stop": 1766385724579, "index": 0, "background": "True", "hash": 147134680195581}, {"step_type": "then", "name": "User navigates to the inventory page", "text": "None", "status": "skipped", "duration": 0, "index": 1, "background": "True", "hash": 123139188092141}], "name": "User logged in as standard user and on inventory page"}, "error_msg": ["'NoneType' object has no attribute 'encode'"], "error_lines": ["Traceback (most recent call last):\n", "  File \"C:\\Users\\hp\\Documents\\karunesh\\Playwright\\.venv\\lib\\site-packages\\behave\\model.py\", line 1991, in run\n    match.run(runner.context)\n", "  File \"C:\\Users\\hp\\Documents\\karunesh\\Playwright\\.venv\\lib\\site-packages\\behave\\matchers.py\", line 105, in run\n    self.func(context, *args, **kwargs)\n", "  File \"Behave\\features\\steps\\login_steps.py\", line 10, in step_user_login\n    context.login_page.fill_credentials(username)\n", "  File \"C:\\Users\\hp\\Documents\\karunesh\\Playwright\\Behave\\features\\..\\pages\\login_page.py\", line 47, in fill_credentials\n    user = get_user(user_key)\n", "  File \"C:\\Users\\hp\\Documents\\karunesh\\Playwright\\Behave\\features\\..\\utilities\\credentials.py\", line 9, in get_user\n    return decrypt(encrypted.get(user_key))\n", "  File \"C:\\Users\\hp\\Documents\\karunesh\\Playwright\\Behave\\features\\..\\utilities\\crypto_utils.py\", line 10, in decrypt\n    return get_fernet().decrypt(value.encode()).decode()\n", "  File \"C:\\Users\\hp\\Documents\\karunesh\\Playwright\\Behave\\features\\..\\utilities\\crypto_utils.py\", line 7, in get_fernet\n    return Fernet(key.encode())\n", "AttributeError: 'NoneType' object has no attribute 'encode'\n"], "error_step": {"step_type": "given", "name": "User login as 'standard' user", "text": "None", "status": "error", "duration": 3.559504747390747, "line": 4, "start": 1766385721019, "stop": 1766385724579, "error_msg": "'NoneType' object has no attribute 'encode'", "error_lines": ["Traceback (most recent call last):\n", "  File \"C:\\Users\\hp\\Documents\\karunesh\\Playwright\\.venv\\lib\\site-packages\\behave\\model.py\", line 1991, in run\n    match.run(runner.context)\n", "  File \"C:\\Users\\hp\\Documents\\karunesh\\Playwright\\.venv\\lib\\site-packages\\behave\\matchers.py\", line 105, in run\n    self.func(context, *args, **kwargs)\n", "  File \"Behave\\features\\steps\\login_steps.py\", line 10, in step_user_login\n    context.login_page.fill_credentials(username)\n", "  File \"C:\\Users\\hp\\Documents\\karunesh\\Playwright\\Behave\\features\\..\\pages\\login_page.py\", line 47, in fill_credentials\n    user = get_user(user_key)\n", "  File \"C:\\Users\\hp\\Documents\\karunesh\\Playwright\\Behave\\features\\..\\utilities\\credentials.py\", line 9, in get_user\n    return decrypt(encrypted.get(user_key))\n", "  File \"C:\\Users\\hp\\Documents\\karunesh\\Playwright\\Behave\\features\\..\\utilities\\crypto_utils.py\", line 10, in decrypt\n    return get_fernet().decrypt(value.encode()).decode()\n", "  File \"C:\\Users\\hp\\Documents\\karunesh\\Playwright\\Behave\\features\\..\\utilities\\crypto_utils.py\", line 7, in get_fernet\n    return Fernet(key.encode())\n", "AttributeError: 'NoneType' object has no attribute 'encode'\n"], "hash": 147134680195581, "index": 0, "background": "True"}, "error_background": true, "id_hash": "125f05eaca924fbf9c8ab95d1e425456", "identifier_hash": "a52fb7f1365e62409eb7f41882e72b300ce6dc31fb6d3695819f2c8e3e2e12e2", "process_id": "3136", "worker_id": "1"}, {"line": 17, "name": "Verify items and navigation to checkout page from cart", "duration": 4.0990660190582275, "status": "error", "start": 1766385720748, "stop": 1766385724848, "tags": [], "filename": "Behave/features/cart.feature", "feature": "Cart Management", "id_feature": 46871, "steps": [{"step_type": "when", "name": "User adds item 'bike light' to the cart", "text": "None", "status": "skipped", "duration": 0.0, "line": 18, "hash": 154918332115740, "index": 0}, {"step_type": "when", "name": "User adds item 'bolt t-shirt' to the cart", "text": "None", "status": "skipped", "duration": 0.0, "line": 19, "hash": 154918332115740, "index": 1}, {"step_type": "when", "name": "User clicks on the cart icon", "text": "None", "status": "skipped", "duration": 0.0, "line": 20, "hash": 108534904554341, "index": 2}, {"step_type": "then", "name": "User verify the items in cart", "text": "None", "status": "skipped", "duration": 0.0, "line": 21, "hash": 65467908862016, "index": 3}, {"step_type": "when", "name": "User proceeds to checkout page", "text": "None", "status": "skipped", "duration": 0.0, "line": 22, "hash": 66487585793016, "index": 4}, {"step_type": "then", "name": "User should be navigated to the checkout page", "text": "None", "status": "skipped", "duration": 0.0, "line": 23, "hash": 87802927958342, "index": 5}], "outline_index": 0, "background": {"duration": 4.0990660190582275, "steps": [{"step_type": "given", "name": "User login as 'standard' user", "text": "None", "status": "error", "duration": 4.0990660190582275, "start": 1766385720748, "stop": 1766385724847, "index": 0, "background": "True", "hash": 147134680195581}, {"step_type": "then", "name": "User navigates to the inventory page", "text": "None", "status": "skipped", "duration": 0, "index": 1, "background": "True", "hash": 123139188092141}], "name": "User logged in as standard user and on inventory page"}, "error_msg": ["'NoneType' object has no attribute 'encode'"], "error_lines": ["Traceback (most recent call last):\n", "  File \"C:\\Users\\hp\\Documents\\karunesh\\Playwright\\.venv\\lib\\site-packages\\behave\\model.py\", line 1991, in run\n    match.run(runner.context)\n", "  File \"C:\\Users\\hp\\Documents\\karunesh\\Playwright\\.venv\\lib\\site-packages\\behave\\matchers.py\", line 105, in run\n    self.func(context, *args, **kwargs)\n", "  File \"Behave\\features\\steps\\login_steps.py\", line 10, in step_user_login\n    context.login_page.fill_credentials(username)\n", "  File \"C:\\Users\\hp\\Documents\\karunesh\\Playwright\\Behave\\features\\..\\pages\\login_page.py\", line 47, in fill_credentials\n    user = get_user(user_key)\n", "  File \"C:\\Users\\hp\\Documents\\karunesh\\Playwright\\Behave\\features\\..\\utilities\\credentials.py\", line 9, in get_user\n    return decrypt(encrypted.get(user_key))\n", "  File \"C:\\Users\\hp\\Documents\\karunesh\\Playwright\\Behave\\features\\..\\utilities\\crypto_utils.py\", line 10, in decrypt\n    return get_fernet().decrypt(value.encode()).decode()\n", "  File \"C:\\Users\\hp\\Documents\\karunesh\\Playwright\\Behave\\features\\..\\utilities\\crypto_utils.py\", line 7, in get_fernet\n    return Fernet(key.encode())\n", "AttributeError: 'NoneType' object has no attribute 'encode'\n"], "error_step": {"step_type": "given", "name": "User login as 'standard' user", "text": "None", "status": "error", "duration": 4.0990660190582275, "line": 4, "start": 1766385720748, "stop": 1766385724847, "error_msg": "'NoneType' object has no attribute 'encode'", "error_lines": ["Traceback (most recent call last):\n", "  File \"C:\\Users\\hp\\Documents\\karunesh\\Playwright\\.venv\\lib\\site-packages\\behave\\model.py\", line 1991, in run\n    match.run(runner.context)\n", "  File \"C:\\Users\\hp\\Documents\\karunesh\\Playwright\\.venv\\lib\\site-packages\\behave\\matchers.py\", line 105, in run\n    self.func(context, *args, **kwargs)\n", "  File \"Behave\\features\\steps\\login_steps.py\", line 10, in step_user_login\n    context.login_page.fill_credentials(username)\n", "  File \"C:\\Users\\hp\\Documents\\karunesh\\Playwright\\Behave\\features\\..\\pages\\login_page.py\", line 47, in fill_credentials\n    user = get_user(user_key)\n", "  File \"C:\\Users\\hp\\Documents\\karunesh\\Playwright\\Behave\\features\\..\\utilities\\credentials.py\", line 9, in get_user\n    return decrypt(encrypted.get(user_key))\n", "  File \"C:\\Users\\hp\\Documents\\karunesh\\Playwright\\Behave\\features\\..\\utilities\\crypto_utils.py\", line 10, in decrypt\n    return get_fernet().decrypt(value.encode()).decode()\n", "  File \"C:\\Users\\hp\\Documents\\karunesh\\Playwright\\Behave\\features\\..\\utilities\\crypto_utils.py\", line 7, in get_fernet\n    return Fernet(key.encode())\n", "AttributeError: 'NoneType' object has no attribute 'encode'\n"], "hash": 147134680195581, "index": 0, "background": "True"}, "error_background": true, "id_hash": "1cf3a9142b794f6787509e3de3d8d59e", "identifier_hash": "20ea24f6052a3bde1930800888614512e9fb9ccc75de616b8464349c2423403c", "process_id": "1188", "worker_id": "2"}, {"line": 7, "name": "Verify cart updates after adding items", "duration": 4.103054046630859, "status": "error", "start": 1766385722890, "stop": 1766385726995, "tags": [], "filename": "Behave/features/cart.feature", "feature": "Cart Management", "id_feature": 37079, "steps": [{"step_type": "when", "name": "User adds item 'bolt t-shirt' to the cart", "text": "None", "status": "skipped", "duration": 0.0, "line": 8, "hash": 154918332115740, "index": 0}, {"step_type": "then", "name": "The cart badge should show the correct number of items", "text": "None", "status": "skipped", "duration": 0.0, "line": 9, "hash": 280215957271770, "index": 1}], "outline_index": 0, "background": {"duration": 4.103054046630859, "steps": [{"step_type": "given", "name": "User login as 'standard' user", "text": "None", "status": "error", "duration": 4.103054046630859, "start": 1766385722891, "stop": 1766385726994, "index": 0, "background": "True", "hash": 147134680195581}, {"step_type": "then", "name": "User navigates to the inventory page", "text": "None", "status": "skipped", "duration": 0, "index": 1, "background": "True", "hash": 123139188092141}], "name": "User logged in as standard user and on inventory page"}, "error_msg": ["'NoneType' object has no attribute 'encode'"], "error_lines": ["Traceback (most recent call last):\n", "  File \"C:\\Users\\hp\\Documents\\karunesh\\Playwright\\.venv\\lib\\site-packages\\behave\\model.py\", line 1991, in run\n    match.run(runner.context)\n", "  File \"C:\\Users\\hp\\Documents\\karunesh\\Playwright\\.venv\\lib\\site-packages\\behave\\matchers.py\", line 105, in run\n    self.func(context, *args, **kwargs)\n", "  File \"Behave\\features\\steps\\login_steps.py\", line 10, in step_user_login\n    context.login_page.fill_credentials(username)\n", "  File \"C:\\Users\\hp\\Documents\\karunesh\\Playwright\\Behave\\features\\..\\pages\\login_page.py\", line 47, in fill_credentials\n    user = get_user(user_key)\n", "  File \"C:\\Users\\hp\\Documents\\karunesh\\Playwright\\Behave\\features\\..\\utilities\\credentials.py\", line 9, in get_user\n    return decrypt(encrypted.get(user_key))\n", "  File \"C:\\Users\\hp\\Documents\\karunesh\\Playwright\\Behave\\features\\..\\utilities\\crypto_utils.py\", line 10, in decrypt\n    return get_fernet().decrypt(value.encode()).decode()\n", "  File \"C:\\Users\\hp\\Documents\\karunesh\\Playwright\\Behave\\features\\..\\utilities\\crypto_utils.py\", line 7, in get_fernet\n    return Fernet(key.encode())\n", "AttributeError: 'NoneType' object has no attribute 'encode'\n"], "error_step": {"step_type": "given", "name": "User login as 'standard' user", "text": "None", "status": "error", "duration": 4.103054046630859, "line": 4, "start": 1766385722891, "stop": 1766385726994, "error_msg": "'NoneType' object has no attribute 'encode'", "error_lines": ["Traceback (most recent call last):\n", "  File \"C:\\Users\\hp\\Documents\\karunesh\\Playwright\\.venv\\lib\\site-packages\\behave\\model.py\", line 1991, in run\n    match.run(runner.context)\n", "  File \"C:\\Users\\hp\\Documents\\karunesh\\Playwright\\.venv\\lib\\site-packages\\behave\\matchers.py\", line 105, in run\n    self.func(context, *args, **kwargs)\n", "  File \"Behave\\features\\steps\\login_steps.py\", line 10, in step_user_login\n    context.login_page.fill_credentials(username)\n", "  File \"C:\\Users\\hp\\Documents\\karunesh\\Playwright\\Behave\\features\\..\\pages\\login_page.py\", line 47, in fill_credentials\n    user = get_user(user_key)\n", "  File \"C:\\Users\\hp\\Documents\\karunesh\\Playwright\\Behave\\features\\..\\utilities\\credentials.py\", line 9, in get_user\n    return decrypt(encrypted.get(user_key))\n", "  File \"C:\\Users\\hp\\Documents\\karunesh\\Playwright\\Behave\\features\\..\\utilities\\crypto_utils.py\", line 10, in decrypt\n    return get_fernet().decrypt(value.encode()).decode()\n", "  File \"C:\\Users\\hp\\Documents\\karunesh\\Playwright\\Behave\\features\\..\\utilities\\crypto_utils.py\", line 7, in get_fernet\n    return Fernet(key.encode())\n", "AttributeError: 'NoneType' object has no attribute 'encode'\n"], "hash": 147134680195581, "index": 0, "background": "True"}, "error_background": true, "id_hash": "dfaeaafe71284ec6833a8229bf810251", "identifier_hash": "e881ccdce5008b8ed50eae7db9a13a9d08c1a229fc51f0f86024374851921c36", "process_id": "15680", "worker_id": "0"}], "background": {"name": "User logged in as standard user and on inventory page", "steps": [{"step_type": "given", "name": "User login as 'standard' user", "text": "None", "status": "untested", "duration": 0, "index": 0, "background": "True", "hash": 147134680195581}, {"step_type": "then", "name": "User navigates to the inventory page", "text": "None", "status": "untested", "duration": 0, "index": 1, "background": "True", "hash": 123139188092141}]}, "id": 53617}, {"name": "Successfull Purchase Order Flow", "status": "error", "duration": 3.8, "filename": "Behave/features/purchase_order.feature", "scenarios": [{"line": 7, "name": "Successful completion of purchase order", "duration": 3.766953229904175, "status": "error", "start": 1766385723419, "stop": 1766385727188, "tags": [], "filename": "Behave/features/purchase_order.feature", "feature": "Successfull Purchase Order Flow", "id_feature": 64863, "steps": [{"step_type": "when", "name": "User adds item 'backpack' to the cart", "text": "None", "status": "skipped", "duration": 0.0, "line": 8, "hash": 154918332115740, "index": 0}, {"step_type": "when", "name": "User adds item 'fleece jacket' to the cart", "text": "None", "status": "skipped", "duration": 0.0, "line": 9, "hash": 154918332115740, "index": 1}, {"step_type": "when", "name": "User clicks on the cart icon", "text": "None", "status": "skipped", "duration": 0.0, "line": 10, "hash": 108534904554341, "index": 2}, {"step_type": "when", "name": "User proceeds to checkout page", "text": "None", "status": "skipped", "duration": 0.0, "line": 11, "hash": 66487585793016, "index": 3}, {"step_type": "when", "name": "User fills checkout details with first name:'John', last name:'Doe', and postal code:'12345'", "text": "None", "status": "skipped", "duration": 0.0, "line": 12, "hash": 192217315745894, "index": 4}, {"step_type": "then", "name": "User continue from checkout overview", "text": "None", "status": "skipped", "duration": 0.0, "line": 13, "hash": 76108294797709, "index": 5}, {"step_type": "when", "name": "User verifies total amount as well as finishes the order", "text": "None", "status": "skipped", "duration": 0.0, "line": 14, "hash": 216373295947596, "index": 6}, {"step_type": "then", "name": "User should see the order confirmation page with message Thank you for your order!", "text": "None", "status": "skipped", "duration": 0.0, "line": 15, "hash": 150099296443083, "index": 7}], "outline_index": 0, "background": {"duration": 3.766953229904175, "steps": [{"step_type": "given", "name": "User login as 'standard' user", "text": "None", "status": "error", "duration": 3.766953229904175, "start": 1766385723419, "stop": 1766385727186, "index": 0, "background": "True", "hash": 147134680195581}, {"step_type": "then", "name": "User navigates to the inventory page", "text": "None", "status": "skipped", "duration": 0, "index": 1, "background": "True", "hash": 123139188092141}], "name": "User logged in as standard user and on inventory page"}, "error_msg": ["'NoneType' object has no attribute 'encode'"], "error_lines": ["Traceback (most recent call last):\n", "  File \"C:\\Users\\hp\\Documents\\karunesh\\Playwright\\.venv\\lib\\site-packages\\behave\\model.py\", line 1991, in run\n    match.run(runner.context)\n", "  File \"C:\\Users\\hp\\Documents\\karunesh\\Playwright\\.venv\\lib\\site-packages\\behave\\matchers.py\", line 105, in run\n    self.func(context, *args, **kwargs)\n", "  File \"Behave\\features\\steps\\login_steps.py\", line 10, in step_user_login\n    context.login_page.fill_credentials(username)\n", "  File \"C:\\Users\\hp\\Documents\\karunesh\\Playwright\\Behave\\features\\..\\pages\\login_page.py\", line 47, in fill_credentials\n    user = get_user(user_key)\n", "  File \"C:\\Users\\hp\\Documents\\karunesh\\Playwright\\Behave\\features\\..\\utilities\\credentials.py\", line 9, in get_user\n    return decrypt(encrypted.get(user_key))\n", "  File \"C:\\Users\\hp\\Documents\\karunesh\\Playwright\\Behave\\features\\..\\utilities\\crypto_utils.py\", line 10, in decrypt\n    return get_fernet().decrypt(value.encode()).decode()\n", "  File \"C:\\Users\\hp\\Documents\\karunesh\\Playwright\\Behave\\features\\..\\utilities\\crypto_utils.py\", line 7, in get_fernet\n    return Fernet(key.encode())\n", "AttributeError: 'NoneType' object has no attribute 'encode'\n"], "error_step": {"step_type": "given", "name": "User login as 'standard' user", "text": "None", "status": "error", "duration": 3.766953229904175, "line": 4, "start": 1766385723419, "stop": 1766385727186, "error_msg": "'NoneType' object has no attribute 'encode'", "error_lines": ["Traceback (most recent call last):\n", "  File \"C:\\Users\\hp\\Documents\\karunesh\\Playwright\\.venv\\lib\\site-packages\\behave\\model.py\", line 1991, in run\n    match.run(runner.context)\n", "  File \"C:\\Users\\hp\\Documents\\karunesh\\Playwright\\.venv\\lib\\site-packages\\behave\\matchers.py\", line 105, in run\n    self.func(context, *args, **kwargs)\n", "  File \"Behave\\features\\steps\\login_steps.py\", line 10, in step_user_login\n    context.login_page.fill_credentials(username)\n", "  File \"C:\\Users\\hp\\Documents\\karunesh\\Playwright\\Behave\\features\\..\\pages\\login_page.py\", line 47, in fill_credentials\n    user = get_user(user_key)\n", "  File \"C:\\Users\\hp\\Documents\\karunesh\\Playwright\\Behave\\features\\..\\utilities\\credentials.py\", line 9, in get_user\n    return decrypt(encrypted.get(user_key))\n", "  File \"C:\\Users\\hp\\Documents\\karunesh\\Playwright\\Behave\\features\\..\\utilities\\crypto_utils.py\", line 10, in decrypt\n    return get_fernet().decrypt(value.encode()).decode()\n", "  File \"C:\\Users\\hp\\Documents\\karunesh\\Playwright\\Behave\\features\\..\\utilities\\crypto_utils.py\", line 7, in get_fernet\n    return Fernet(key.encode())\n", "AttributeError: 'NoneType' object has no attribute 'encode'\n"], "hash": 147134680195581, "index": 0, "background": "True"}, "error_background": true, "id_hash": "2f40a313ba3b4a28b0df0bd998a512ea", "identifier_hash": "9c6daa44340ccab2ac822752a076a524df223b296eab60d683a77c9cbec632cf", "process_id": "4408", "worker_id": "13"}], "background": {"name": "User logged in as standard user and on inventory page", "steps": [{"step_type": "given", "name": "User login as 'standard' user", "text": "None", "status": "untested", "duration": 0, "index": 0, "background": "True", "hash": 147134680195581}, {"step_type": "then", "name": "User navigates to the inventory page", "text": "None", "status": "untested", "duration": 0, "index": 1, "background": "True", "hash": 123139188092141}]}, "id": 64863}, {"name": "User Login", "status": "error", "duration": 10.600000000000001, "filename": "Behave/features/login.feature", "scenarios": [{"line": 3, "name": "Successful user login", "duration": 4.892947196960449, "status": "error", "start": 1766385722472, "stop": 1766385727366, "tags": [], "filename": "Behave/features/login.feature", "feature": "User Login", "id_feature": 26989, "steps": [{"step_type": "given", "name": "User on the login page", "text": "None", "status": "passed", "duration": 4.891949653625488, "line": 4, "start": 1766385722472, "stop": 1766385727364, "hash": 213548145307333, "index": 0}, {"step_type": "when", "name": "User enters 'standard' as username", "text": "None", "status": "error", "duration": 0.0009975433349609375, "line": 5, "start": 1766385727364, "stop": 1766385727365, "error_msg": "'NoneType' object has no attribute 'encode'", "error_lines": ["Traceback (most recent call last):\n", "  File \"C:\\Users\\hp\\Documents\\karunesh\\Playwright\\.venv\\lib\\site-packages\\behave\\model.py\", line 1991, in run\n    match.run(runner.context)\n", "  File \"C:\\Users\\hp\\Documents\\karunesh\\Playwright\\.venv\\lib\\site-packages\\behave\\matchers.py\", line 105, in run\n    self.func(context, *args, **kwargs)\n", "  File \"Behave\\features\\steps\\login_steps.py\", line 23, in user_enter_credentials\n    context.login_page.fill_credentials(username)\n", "  File \"C:\\Users\\hp\\Documents\\karunesh\\Playwright\\Behave\\features\\..\\pages\\login_page.py\", line 47, in fill_credentials\n    user = get_user(user_key)\n", "  File \"C:\\Users\\hp\\Documents\\karunesh\\Playwright\\Behave\\features\\..\\utilities\\credentials.py\", line 9, in get_user\n    return decrypt(encrypted.get(user_key))\n", "  File \"C:\\Users\\hp\\Documents\\karunesh\\Playwright\\Behave\\features\\..\\utilities\\crypto_utils.py\", line 10, in decrypt\n    return get_fernet().decrypt(value.encode()).decode()\n", "  File \"C:\\Users\\hp\\Documents\\karunesh\\Playwright\\Behave\\features\\..\\utilities\\crypto_utils.py\", line 7, in get_fernet\n    return Fernet(key.encode())\n", "AttributeError: 'NoneType' object has no attribute 'encode'\n"], "hash": 192690671948980, "index": 1}, {"step_type": "when", "name": "User submit the login form", "text": "None", "status": "skipped", "duration": 0.0, "line": 6, "hash": 26917957609233, "index": 2}, {"step_type": "then", "name": "User navigates to the inventory page", "text": "None", "status": "skipped", "duration": 0.0, "line": 7, "hash": 123139188092141, "index": 3}], "outline_index": 0, "background": {"duration": 0.0, "steps": []}, "error_msg": ["'NoneType' object has no attribute 'encode'"], "error_lines": ["Traceback (most recent call last):\n", "  File \"C:\\Users\\hp\\Documents\\karunesh\\Playwright\\.venv\\lib\\site-packages\\behave\\model.py\", line 1991, in run\n    match.run(runner.context)\n", "  File \"C:\\Users\\hp\\Documents\\karunesh\\Playwright\\.venv\\lib\\site-packages\\behave\\matchers.py\", line 105, in run\n    self.func(context, *args, **kwargs)\n", "  File \"Behave\\features\\steps\\login_steps.py\", line 23, in user_enter_credentials\n    context.login_page.fill_credentials(username)\n", "  File \"C:\\Users\\hp\\Documents\\karunesh\\Playwright\\Behave\\features\\..\\pages\\login_page.py\", line 47, in fill_credentials\n    user = get_user(user_key)\n", "  File \"C:\\Users\\hp\\Documents\\karunesh\\Playwright\\Behave\\features\\..\\utilities\\credentials.py\", line 9, in get_user\n    return decrypt(encrypted.get(user_key))\n", "  File \"C:\\Users\\hp\\Documents\\karunesh\\Playwright\\Behave\\features\\..\\utilities\\crypto_utils.py\", line 10, in decrypt\n    return get_fernet().decrypt(value.encode()).decode()\n", "  File \"C:\\Users\\hp\\Documents\\karunesh\\Playwright\\Behave\\features\\..\\utilities\\crypto_utils.py\", line 7, in get_fernet\n    return Fernet(key.encode())\n", "AttributeError: 'NoneType' object has no attribute 'encode'\n"], "error_step": {"step_type": "when", "name": "User enters 'standard' as username", "text": "None", "status": "error", "duration": 0.0009975433349609375, "line": 5, "start": 1766385727364, "stop": 1766385727365, "error_msg": "'NoneType' object has no attribute 'encode'", "error_lines": ["Traceback (most recent call last):\n", "  File \"C:\\Users\\hp\\Documents\\karunesh\\Playwright\\.venv\\lib\\site-packages\\behave\\model.py\", line 1991, in run\n    match.run(runner.context)\n", "  File \"C:\\Users\\hp\\Documents\\karunesh\\Playwright\\.venv\\lib\\site-packages\\behave\\matchers.py\", line 105, in run\n    self.func(context, *args, **kwargs)\n", "  File \"Behave\\features\\steps\\login_steps.py\", line 23, in user_enter_credentials\n    context.login_page.fill_credentials(username)\n", "  File \"C:\\Users\\hp\\Documents\\karunesh\\Playwright\\Behave\\features\\..\\pages\\login_page.py\", line 47, in fill_credentials\n    user = get_user(user_key)\n", "  File \"C:\\Users\\hp\\Documents\\karunesh\\Playwright\\Behave\\features\\..\\utilities\\credentials.py\", line 9, in get_user\n    return decrypt(encrypted.get(user_key))\n", "  File \"C:\\Users\\hp\\Documents\\karunesh\\Playwright\\Behave\\features\\..\\utilities\\crypto_utils.py\", line 10, in decrypt\n    return get_fernet().decrypt(value.encode()).decode()\n", "  File \"C:\\Users\\hp\\Documents\\karunesh\\Playwright\\Behave\\features\\..\\utilities\\crypto_utils.py\", line 7, in get_fernet\n    return Fernet(key.encode())\n", "AttributeError: 'NoneType' object has no attribute 'encode'\n"], "hash": 192690671948980, "index": 1}, "error_background": false, "id_hash": "7947a09bce3f4387bd2a66407d987124", "identifier_hash": "30cd1f7c85b148af39b9f4ab5250d2385755e6cfb2b0fb68aae1c37e24e8580f", "process_id": "2220", "worker_id": "11"}, {"line": 10, "name": "Unsuccessful user login with incorrect username", "duration": 5.7278313636779785, "status": "error", "start": 1766385722944, "stop": 1766385728674, "tags": ["invalid_login"], "filename": "Behave/features/login.feature", "feature": "User Login", "id_feature": 24992, "steps": [{"step_type": "given", "name": "User on the login page", "text": "None", "status": "passed", "duration": 4.5737996101379395, "line": 11, "start": 1766385722944, "stop": 1766385727518, "hash": 213548145307333, "index": 0}, {"step_type": "when", "name": "User enters 'wrongUser' as username", "text": "None", "status": "error", "duration": 1.154031753540039, "line": 12, "start": 1766385727519, "stop": 1766385728673, "error_msg": "'NoneType' object has no attribute 'encode'", "error_lines": ["Traceback (most recent call last):\n", "  File \"C:\\Users\\hp\\Documents\\karunesh\\Playwright\\.venv\\lib\\site-packages\\behave\\model.py\", line 1991, in run\n    match.run(runner.context)\n", "  File \"C:\\Users\\hp\\Documents\\karunesh\\Playwright\\.venv\\lib\\site-packages\\behave\\matchers.py\", line 105, in run\n    self.func(context, *args, **kwargs)\n", "  File \"Behave\\features\\steps\\login_steps.py\", line 23, in user_enter_credentials\n    context.login_page.fill_credentials(username)\n", "  File \"C:\\Users\\hp\\Documents\\karunesh\\Playwright\\Behave\\features\\..\\pages\\login_page.py\", line 51, in fill_credentials\n    self.password.type(get_passwd() or \"secret_sauce\")\n", "  File \"C:\\Users\\hp\\Documents\\karunesh\\Playwright\\Behave\\features\\..\\utilities\\credentials.py\", line 12, in get_passwd\n    return decrypt(TD.ENCRYPTED_PASSWD)\n", "  File \"C:\\Users\\hp\\Documents\\karunesh\\Playwright\\Behave\\features\\..\\utilities\\crypto_utils.py\", line 10, in decrypt\n    return get_fernet().decrypt(value.encode()).decode()\n", "  File \"C:\\Users\\hp\\Documents\\karunesh\\Playwright\\Behave\\features\\..\\utilities\\crypto_utils.py\", line 7, in get_fernet\n    return Fernet(key.encode())\n", "AttributeError: 'NoneType' object has no attribute 'encode'\n"], "hash": 192690671948980, "index": 1}, {"step_type": "when", "name": "User submit the login form", "text": "None", "status": "skipped", "duration": 0.0, "line": 13, "hash": 26917957609233, "index": 2}, {"step_type": "then", "name": "User should see an error message indicating incorrect/incomplete credentials", "text": "None", "status": "skipped", "duration": 0.0, "line": 14, "hash": 261766731892203, "index": 3}], "outline_index": 0, "background": {"duration": 0.0, "steps": []}, "error_msg": ["'NoneType' object has no attribute 'encode'"], "error_lines": ["Traceback (most recent call last):\n", "  File \"C:\\Users\\hp\\Documents\\karunesh\\Playwright\\.venv\\lib\\site-packages\\behave\\model.py\", line 1991, in run\n    match.run(runner.context)\n", "  File \"C:\\Users\\hp\\Documents\\karunesh\\Playwright\\.venv\\lib\\site-packages\\behave\\matchers.py\", line 105, in run\n    self.func(context, *args, **kwargs)\n", "  File \"Behave\\features\\steps\\login_steps.py\", line 23, in user_enter_credentials\n    context.login_page.fill_credentials(username)\n", "  File \"C:\\Users\\hp\\Documents\\karunesh\\Playwright\\Behave\\features\\..\\pages\\login_page.py\", line 51, in fill_credentials\n    self.password.type(get_passwd() or \"secret_sauce\")\n", "  File \"C:\\Users\\hp\\Documents\\karunesh\\Playwright\\Behave\\features\\..\\utilities\\credentials.py\", line 12, in get_passwd\n    return decrypt(TD.ENCRYPTED_PASSWD)\n", "  File \"C:\\Users\\hp\\Documents\\karunesh\\Playwright\\Behave\\features\\..\\utilities\\crypto_utils.py\", line 10, in decrypt\n    return get_fernet().decrypt(value.encode()).decode()\n", "  File \"C:\\Users\\hp\\Documents\\karunesh\\Playwright\\Behave\\features\\..\\utilities\\crypto_utils.py\", line 7, in get_fernet\n    return Fernet(key.encode())\n", "AttributeError: 'NoneType' object has no attribute 'encode'\n"], "error_step": {"step_type": "when", "name": "User enters 'wrongUser' as username", "text": "None", "status": "error", "duration": 1.154031753540039, "line": 12, "start": 1766385727519, "stop": 1766385728673, "error_msg": "'NoneType' object has no attribute 'encode'", "error_lines": ["Traceback (most recent call last):\n", "  File \"C:\\Users\\hp\\Documents\\karunesh\\Playwright\\.venv\\lib\\site-packages\\behave\\model.py\", line 1991, in run\n    match.run(runner.context)\n", "  File \"C:\\Users\\hp\\Documents\\karunesh\\Playwright\\.venv\\lib\\site-packages\\behave\\matchers.py\", line 105, in run\n    self.func(context, *args, **kwargs)\n", "  File \"Behave\\features\\steps\\login_steps.py\", line 23, in user_enter_credentials\n    context.login_page.fill_credentials(username)\n", "  File \"C:\\Users\\hp\\Documents\\karunesh\\Playwright\\Behave\\features\\..\\pages\\login_page.py\", line 51, in fill_credentials\n    self.password.type(get_passwd() or \"secret_sauce\")\n", "  File \"C:\\Users\\hp\\Documents\\karunesh\\Playwright\\Behave\\features\\..\\utilities\\credentials.py\", line 12, in get_passwd\n    return decrypt(TD.ENCRYPTED_PASSWD)\n", "  File \"C:\\Users\\hp\\Documents\\karunesh\\Playwright\\Behave\\features\\..\\utilities\\crypto_utils.py\", line 10, in decrypt\n    return get_fernet().decrypt(value.encode()).decode()\n", "  File \"C:\\Users\\hp\\Documents\\karunesh\\Playwright\\Behave\\features\\..\\utilities\\crypto_utils.py\", line 7, in get_fernet\n    return Fernet(key.encode())\n", "AttributeError: 'NoneType' object has no attribute 'encode'\n"], "hash": 192690671948980, "index": 1}, "error_background": false, "id_hash": "69afd5b35602426aa779470d48510d8f", "identifier_hash": "e515c55811a870a961688dc1a642d2947d2fd62fca1f572c0bb3f4163a65a5f6", "process_id": "14496", "worker_id": "12"}], "background": {}, "id": 26989}]}