<?xml version="1.0" encoding="UTF-8"?>
<testsuite time="11.761624813079834" tests='3' skipped='0'
name="Aturescart" failures='3' errors='0'><testcase time="3.559504747390747" name="Verify_Cart_Updates_After_Removing_Items" status="error"
         classname="Cart_Management" >
            <failure type="AssertionError" message="'NoneType' object has no attribute 'encode'">
                    <![CDATA[ Failing step: given User login as 'standard' user ... error in 3.56s  Location:Behave/features/cart.feature
                        Traceback (most recent call last):

                  File "C:\Users\hp\Documents\karunesh\Playwright\.venv\lib\site-packages\behave\model.py", line 1991, in run
    match.run(runner.context)

                  File "C:\Users\hp\Documents\karunesh\Playwright\.venv\lib\site-packages\behave\matchers.py", line 105, in run
    self.func(context, *args, **kwargs)

                  File "Behave\features\steps\login_steps.py", line 10, in step_user_login
    context.login_page.fill_credentials(username)

                  File "C:\Users\hp\Documents\karunesh\Playwright\Behave\features\..\pages\login_page.py", line 47, in fill_credentials
    user = get_user(user_key)

                  File "C:\Users\hp\Documents\karunesh\Playwright\Behave\features\..\utilities\credentials.py", line 9, in get_user
    return decrypt(encrypted.get(user_key))

                  File "C:\Users\hp\Documents\karunesh\Playwright\Behave\features\..\utilities\crypto_utils.py", line 10, in decrypt
    return get_fernet().decrypt(value.encode()).decode()

                  File "C:\Users\hp\Documents\karunesh\Playwright\Behave\features\..\utilities\crypto_utils.py", line 7, in get_fernet
    return Fernet(key.encode())

                AttributeError: 'NoneType' object has no attribute 'encode'
                    ]]>
                </failure><system-out>
            <![CDATA[
            @scenario.begin
                
                scenario: Verify cart updates after removing items
                given User login as 'standard' user ... error in 3.56s 
                then User navigates to the inventory page ... skipped in 0.0s 
e                when User adds item 'bike light' to the cart ... skipped in 0.0s 
                when User adds item 'bolt t-shirt' to the cart ... skipped in 0.0s 
                when User removes item 'bike light' from the cart ... skipped in 0.0s 
                then The cart badge should show the correct number of items ... skipped in 0.0s 
@scenario.end
            ----------------------------------------------------------------------------------------------------
            ]]>
            </system-out>
        </testcase><testcase time="4.0990660190582275" name="Verify_Items_And_Navigation_To_Checkout_Page_From_Cart" status="error"
         classname="Cart_Management" >
            <failure type="AssertionError" message="'NoneType' object has no attribute 'encode'">
                    <![CDATA[ Failing step: given User login as 'standard' user ... error in 4.099s  Location:Behave/features/cart.feature
                        Traceback (most recent call last):

                  File "C:\Users\hp\Documents\karunesh\Playwright\.venv\lib\site-packages\behave\model.py", line 1991, in run
    match.run(runner.context)

                  File "C:\Users\hp\Documents\karunesh\Playwright\.venv\lib\site-packages\behave\matchers.py", line 105, in run
    self.func(context, *args, **kwargs)

                  File "Behave\features\steps\login_steps.py", line 10, in step_user_login
    context.login_page.fill_credentials(username)

                  File "C:\Users\hp\Documents\karunesh\Playwright\Behave\features\..\pages\login_page.py", line 47, in fill_credentials
    user = get_user(user_key)

                  File "C:\Users\hp\Documents\karunesh\Playwright\Behave\features\..\utilities\credentials.py", line 9, in get_user
    return decrypt(encrypted.get(user_key))

                  File "C:\Users\hp\Documents\karunesh\Playwright\Behave\features\..\utilities\crypto_utils.py", line 10, in decrypt
    return get_fernet().decrypt(value.encode()).decode()

                  File "C:\Users\hp\Documents\karunesh\Playwright\Behave\features\..\utilities\crypto_utils.py", line 7, in get_fernet
    return Fernet(key.encode())

                AttributeError: 'NoneType' object has no attribute 'encode'
                    ]]>
                </failure><system-out>
            <![CDATA[
            @scenario.begin
                
                scenario: Verify items and navigation to checkout page from cart
                given User login as 'standard' user ... error in 4.099s 
                then User navigates to the inventory page ... skipped in 0.0s 
e                when User adds item 'bike light' to the cart ... skipped in 0.0s 
                when User adds item 'bolt t-shirt' to the cart ... skipped in 0.0s 
                when User clicks on the cart icon ... skipped in 0.0s 
                then User verify the items in cart ... skipped in 0.0s 
                when User proceeds to checkout page ... skipped in 0.0s 
                then User should be navigated to the checkout page ... skipped in 0.0s 
@scenario.end
            ----------------------------------------------------------------------------------------------------
            ]]>
            </system-out>
        </testcase><testcase time="4.103054046630859" name="Verify_Cart_Updates_After_Adding_Items" status="error"
         classname="Cart_Management" >
            <failure type="AssertionError" message="'NoneType' object has no attribute 'encode'">
                    <![CDATA[ Failing step: given User login as 'standard' user ... error in 4.103s  Location:Behave/features/cart.feature
                        Traceback (most recent call last):

                  File "C:\Users\hp\Documents\karunesh\Playwright\.venv\lib\site-packages\behave\model.py", line 1991, in run
    match.run(runner.context)

                  File "C:\Users\hp\Documents\karunesh\Playwright\.venv\lib\site-packages\behave\matchers.py", line 105, in run
    self.func(context, *args, **kwargs)

                  File "Behave\features\steps\login_steps.py", line 10, in step_user_login
    context.login_page.fill_credentials(username)

                  File "C:\Users\hp\Documents\karunesh\Playwright\Behave\features\..\pages\login_page.py", line 47, in fill_credentials
    user = get_user(user_key)

                  File "C:\Users\hp\Documents\karunesh\Playwright\Behave\features\..\utilities\credentials.py", line 9, in get_user
    return decrypt(encrypted.get(user_key))

                  File "C:\Users\hp\Documents\karunesh\Playwright\Behave\features\..\utilities\crypto_utils.py", line 10, in decrypt
    return get_fernet().decrypt(value.encode()).decode()

                  File "C:\Users\hp\Documents\karunesh\Playwright\Behave\features\..\utilities\crypto_utils.py", line 7, in get_fernet
    return Fernet(key.encode())

                AttributeError: 'NoneType' object has no attribute 'encode'
                    ]]>
                </failure><system-out>
            <![CDATA[
            @scenario.begin
                
                scenario: Verify cart updates after adding items
                given User login as 'standard' user ... error in 4.103s 
                then User navigates to the inventory page ... skipped in 0.0s 
e                when User adds item 'bolt t-shirt' to the cart ... skipped in 0.0s 
                then The cart badge should show the correct number of items ... skipped in 0.0s 
@scenario.end
            ----------------------------------------------------------------------------------------------------
            ]]>
            </system-out>
        </testcase></testsuite>