<?xml version="1.0" encoding="UTF-8"?>
<testsuite time="3.766953229904175" tests='1' skipped='0'
name="Aturespurchase_Order" failures='1' errors='0'><testcase time="3.766953229904175" name="Successful_Completion_Of_Purchase_Order" status="error"
         classname="Successfull_Purchase_Order_Flow" >
            <failure type="AssertionError" message="'NoneType' object has no attribute 'encode'">
                    <![CDATA[ Failing step: given User login as 'standard' user ... error in 3.767s  Location:Behave/features/purchase_order.feature
                        Traceback (most recent call last):

                  File "C:\Users\hp\Documents\karunesh\Playwright\.venv\lib\site-packages\behave\model.py", line 1991, in run
    match.run(runner.context)

                  File "C:\Users\hp\Documents\karunesh\Playwright\.venv\lib\site-packages\behave\matchers.py", line 105, in run
    self.func(context, *args, **kwargs)

                  File "Behave\features\steps\login_steps.py", line 10, in step_user_login
    context.login_page.fill_credentials(username)

                  File "C:\Users\hp\Documents\karunesh\Playwright\Behave\features\..\pages\login_page.py", line 47, in fill_credentials
    user = get_user(user_key)

                  File "C:\Users\hp\Documents\karunesh\Playwright\Behave\features\..\utilities\credentials.py", line 9, in get_user
    return decrypt(encrypted.get(user_key))

                  File "C:\Users\hp\Documents\karunesh\Playwright\Behave\features\..\utilities\crypto_utils.py", line 10, in decrypt
    return get_fernet().decrypt(value.encode()).decode()

                  File "C:\Users\hp\Documents\karunesh\Playwright\Behave\features\..\utilities\crypto_utils.py", line 7, in get_fernet
    return Fernet(key.encode())

                AttributeError: 'NoneType' object has no attribute 'encode'
                    ]]>
                </failure><system-out>
            <![CDATA[
            @scenario.begin
                
                scenario: Successful completion of purchase order
                given User login as 'standard' user ... error in 3.767s 
                then User navigates to the inventory page ... skipped in 0.0s 
e                when User adds item 'backpack' to the cart ... skipped in 0.0s 
                when User adds item 'fleece jacket' to the cart ... skipped in 0.0s 
                when User clicks on the cart icon ... skipped in 0.0s 
                when User proceeds to checkout page ... skipped in 0.0s 
                when User fills checkout details with first name:'John', last name:'Doe', and postal code:'12345' ... skipped in 0.0s 
                then User continue from checkout overview ... skipped in 0.0s 
                when User verifies total amount as well as finishes the order ... skipped in 0.0s 
                then User should see the order confirmation page with message Thank you for your order! ... skipped in 0.0s 
@scenario.end
            ----------------------------------------------------------------------------------------------------
            ]]>
            </system-out>
        </testcase></testsuite>