<?xml version="1.0" encoding="UTF-8"?>
<testsuite time="7.5827720165252686" tests='2' skipped='0'
name="Aturescheckout" failures='2' errors='0'><testcase time="3.560502290725708" name="Error_On_Empty_Checkout_Fields" status="error"
         classname="Checkout_Page" >
            <failure type="AssertionError" message="'NoneType' object has no attribute 'encode'">
                    <![CDATA[ Failing step: given User login as 'problem' user ... error in 3.561s  Location:Behave/features/checkout.feature
                        Traceback (most recent call last):

                  File "C:\Users\hp\Documents\karunesh\Playwright\.venv\lib\site-packages\behave\model.py", line 1991, in run
    match.run(runner.context)

                  File "C:\Users\hp\Documents\karunesh\Playwright\.venv\lib\site-packages\behave\matchers.py", line 105, in run
    self.func(context, *args, **kwargs)

                  File "Behave\features\steps\login_steps.py", line 10, in step_user_login
    context.login_page.fill_credentials(username)

                  File "C:\Users\hp\Documents\karunesh\Playwright\Behave\features\..\pages\login_page.py", line 47, in fill_credentials
    user = get_user(user_key)

                  File "C:\Users\hp\Documents\karunesh\Playwright\Behave\features\..\utilities\credentials.py", line 9, in get_user
    return decrypt(encrypted.get(user_key))

                  File "C:\Users\hp\Documents\karunesh\Playwright\Behave\features\..\utilities\crypto_utils.py", line 10, in decrypt
    return get_fernet().decrypt(value.encode()).decode()

                  File "C:\Users\hp\Documents\karunesh\Playwright\Behave\features\..\utilities\crypto_utils.py", line 7, in get_fernet
    return Fernet(key.encode())

                AttributeError: 'NoneType' object has no attribute 'encode'
                    ]]>
                </failure><system-out>
            <![CDATA[
            @scenario.begin
                
                scenario: Error on empty checkout fields
                given User login as 'problem' user ... error in 3.561s 
                then User navigates to the inventory page ... skipped in 0.0s 
                when User adds item 'backpack' to the cart ... skipped in 0.0s 
                when User adds item 'Onesie' to the cart ... skipped in 0.0s 
                when User clicks on the cart icon ... skipped in 0.0s 
                when User proceeds to checkout page ... skipped in 0.0s 
e                when User fills checkout details with first name:'John', last name:'Problem', and postal code:'12345' ... skipped in 0.0s 
                then User continue from checkout overview ... skipped in 0.0s 
                then Error: Last Name is required should be displayed ... skipped in 0.0s 
@scenario.end
            ----------------------------------------------------------------------------------------------------
            ]]>
            </system-out>
        </testcase><testcase time="4.0222697257995605" name="Cancel_Checkout" status="error"
         classname="Checkout_Page" >
            <failure type="AssertionError" message="'NoneType' object has no attribute 'encode'">
                    <![CDATA[ Failing step: given User login as 'problem' user ... error in 4.022s  Location:Behave/features/checkout.feature
                        Traceback (most recent call last):

                  File "C:\Users\hp\Documents\karunesh\Playwright\.venv\lib\site-packages\behave\model.py", line 1991, in run
    match.run(runner.context)

                  File "C:\Users\hp\Documents\karunesh\Playwright\.venv\lib\site-packages\behave\matchers.py", line 105, in run
    self.func(context, *args, **kwargs)

                  File "Behave\features\steps\login_steps.py", line 10, in step_user_login
    context.login_page.fill_credentials(username)

                  File "C:\Users\hp\Documents\karunesh\Playwright\Behave\features\..\pages\login_page.py", line 47, in fill_credentials
    user = get_user(user_key)

                  File "C:\Users\hp\Documents\karunesh\Playwright\Behave\features\..\utilities\credentials.py", line 9, in get_user
    return decrypt(encrypted.get(user_key))

                  File "C:\Users\hp\Documents\karunesh\Playwright\Behave\features\..\utilities\crypto_utils.py", line 10, in decrypt
    return get_fernet().decrypt(value.encode()).decode()

                  File "C:\Users\hp\Documents\karunesh\Playwright\Behave\features\..\utilities\crypto_utils.py", line 7, in get_fernet
    return Fernet(key.encode())

                AttributeError: 'NoneType' object has no attribute 'encode'
                    ]]>
                </failure><system-out>
            <![CDATA[
            @scenario.begin
                
                scenario: Cancel checkout
                given User login as 'problem' user ... error in 4.022s 
                then User navigates to the inventory page ... skipped in 0.0s 
                when User adds item 'backpack' to the cart ... skipped in 0.0s 
                when User adds item 'Onesie' to the cart ... skipped in 0.0s 
                when User clicks on the cart icon ... skipped in 0.0s 
                when User proceeds to checkout page ... skipped in 0.0s 
e                when User fills checkout details with first name:'John', last name:'Problem', and postal code:'12345' ... skipped in 0.0s 
                when User clicks Cancel on overview ... skipped in 0.0s 
                then User navigates to the cart page ... skipped in 0.0s 
                then The cart badge should show the correct number of items ... skipped in 0.0s 
@scenario.end
            ----------------------------------------------------------------------------------------------------
            ]]>
            </system-out>
        </testcase></testsuite>