{"environment": [], "features": [{"name": "User Login", "status": "error", "duration": 4.892947196960449, "filename": "Behave/features/login.feature", "scenarios": [{"line": 3, "name": "Successful user login", "duration": 4.892947196960449, "status": "error", "start": 1766385722472, "stop": 1766385727366, "tags": [], "filename": "Behave/features/login.feature", "feature": "User Login", "id_feature": 16739, "steps": [{"step_type": "given", "name": "User on the login page", "text": "None", "status": "passed", "duration": 4.891949653625488, "line": 4, "start": 1766385722472, "stop": 1766385727364, "hash": 213548145307333, "index": 0}, {"step_type": "when", "name": "User enters 'standard' as username", "text": "None", "status": "error", "duration": 0.0009975433349609375, "line": 5, "start": 1766385727364, "stop": 1766385727365, "error_msg": "'NoneType' object has no attribute 'encode'", "error_lines": ["Traceback (most recent call last):\n", "  File \"C:\\Users\\hp\\Documents\\karunesh\\Playwright\\.venv\\lib\\site-packages\\behave\\model.py\", line 1991, in run\n    match.run(runner.context)\n", "  File \"C:\\Users\\hp\\Documents\\karunesh\\Playwright\\.venv\\lib\\site-packages\\behave\\matchers.py\", line 105, in run\n    self.func(context, *args, **kwargs)\n", "  File \"Behave\\features\\steps\\login_steps.py\", line 23, in user_enter_credentials\n    context.login_page.fill_credentials(username)\n", "  File \"C:\\Users\\hp\\Documents\\karunesh\\Playwright\\Behave\\features\\..\\pages\\login_page.py\", line 47, in fill_credentials\n    user = get_user(user_key)\n", "  File \"C:\\Users\\hp\\Documents\\karunesh\\Playwright\\Behave\\features\\..\\utilities\\credentials.py\", line 9, in get_user\n    return decrypt(encrypted.get(user_key))\n", "  File \"C:\\Users\\hp\\Documents\\karunesh\\Playwright\\Behave\\features\\..\\utilities\\crypto_utils.py\", line 10, in decrypt\n    return get_fernet().decrypt(value.encode()).decode()\n", "  File \"C:\\Users\\hp\\Documents\\karunesh\\Playwright\\Behave\\features\\..\\utilities\\crypto_utils.py\", line 7, in get_fernet\n    return Fernet(key.encode())\n", "AttributeError: 'NoneType' object has no attribute 'encode'\n"], "hash": 192690671948980, "index": 1}, {"step_type": "when", "name": "User submit the login form", "text": "None", "status": "skipped", "duration": 0.0, "line": 6, "hash": 26917957609233, "index": 2}, {"step_type": "then", "name": "User navigates to the inventory page", "text": "None", "status": "skipped", "duration": 0.0, "line": 7, "hash": 123139188092141, "index": 3}], "outline_index": 0, "background": {"duration": 0.0, "steps": []}, "error_msg": ["'NoneType' object has no attribute 'encode'"], "error_lines": ["Traceback (most recent call last):\n", "  File \"C:\\Users\\hp\\Documents\\karunesh\\Playwright\\.venv\\lib\\site-packages\\behave\\model.py\", line 1991, in run\n    match.run(runner.context)\n", "  File \"C:\\Users\\hp\\Documents\\karunesh\\Playwright\\.venv\\lib\\site-packages\\behave\\matchers.py\", line 105, in run\n    self.func(context, *args, **kwargs)\n", "  File \"Behave\\features\\steps\\login_steps.py\", line 23, in user_enter_credentials\n    context.login_page.fill_credentials(username)\n", "  File \"C:\\Users\\hp\\Documents\\karunesh\\Playwright\\Behave\\features\\..\\pages\\login_page.py\", line 47, in fill_credentials\n    user = get_user(user_key)\n", "  File \"C:\\Users\\hp\\Documents\\karunesh\\Playwright\\Behave\\features\\..\\utilities\\credentials.py\", line 9, in get_user\n    return decrypt(encrypted.get(user_key))\n", "  File \"C:\\Users\\hp\\Documents\\karunesh\\Playwright\\Behave\\features\\..\\utilities\\crypto_utils.py\", line 10, in decrypt\n    return get_fernet().decrypt(value.encode()).decode()\n", "  File \"C:\\Users\\hp\\Documents\\karunesh\\Playwright\\Behave\\features\\..\\utilities\\crypto_utils.py\", line 7, in get_fernet\n    return Fernet(key.encode())\n", "AttributeError: 'NoneType' object has no attribute 'encode'\n"], "error_step": {"step_type": "when", "name": "User enters 'standard' as username", "text": "None", "status": "error", "duration": 0.0009975433349609375, "line": 5, "start": 1766385727364, "stop": 1766385727365, "error_msg": "'NoneType' object has no attribute 'encode'", "error_lines": ["Traceback (most recent call last):\n", "  File \"C:\\Users\\hp\\Documents\\karunesh\\Playwright\\.venv\\lib\\site-packages\\behave\\model.py\", line 1991, in run\n    match.run(runner.context)\n", "  File \"C:\\Users\\hp\\Documents\\karunesh\\Playwright\\.venv\\lib\\site-packages\\behave\\matchers.py\", line 105, in run\n    self.func(context, *args, **kwargs)\n", "  File \"Behave\\features\\steps\\login_steps.py\", line 23, in user_enter_credentials\n    context.login_page.fill_credentials(username)\n", "  File \"C:\\Users\\hp\\Documents\\karunesh\\Playwright\\Behave\\features\\..\\pages\\login_page.py\", line 47, in fill_credentials\n    user = get_user(user_key)\n", "  File \"C:\\Users\\hp\\Documents\\karunesh\\Playwright\\Behave\\features\\..\\utilities\\credentials.py\", line 9, in get_user\n    return decrypt(encrypted.get(user_key))\n", "  File \"C:\\Users\\hp\\Documents\\karunesh\\Playwright\\Behave\\features\\..\\utilities\\crypto_utils.py\", line 10, in decrypt\n    return get_fernet().decrypt(value.encode()).decode()\n", "  File \"C:\\Users\\hp\\Documents\\karunesh\\Playwright\\Behave\\features\\..\\utilities\\crypto_utils.py\", line 7, in get_fernet\n    return Fernet(key.encode())\n", "AttributeError: 'NoneType' object has no attribute 'encode'\n"], "hash": 192690671948980, "index": 1}, "error_background": false, "id_hash": "799f3eba2a914f5b97a1363f7fe833de", "identifier_hash": "30cd1f7c85b148af39b9f4ab5250d2385755e6cfb2b0fb68aae1c37e24e8580f", "process_id": "2220", "worker_id": "11"}, {"line": 10, "name": "Unsuccessful user login with incorrect username", "duration": 0, "status": "skipped", "tags": ["invalid_login"], "filename": "Behave/features/login.feature", "feature": "User Login", "id_feature": 16739, "steps": [{"step_type": "given", "name": "User on the login page", "text": "None", "status": "skipped", "duration": 0.0, "line": 11, "hash": 213548145307333, "index": 0}, {"step_type": "when", "name": "User enters 'wrongUser' as username", "text": "None", "status": "skipped", "duration": 0.0, "line": 12, "hash": 192690671948980, "index": 1}, {"step_type": "when", "name": "User submit the login form", "text": "None", "status": "skipped", "duration": 0.0, "line": 13, "hash": 26917957609233, "index": 2}, {"step_type": "then", "name": "User should see an error message indicating incorrect/incomplete credentials", "text": "None", "status": "skipped", "duration": 0.0, "line": 14, "hash": 261766731892203, "index": 3}], "outline_index": 0, "background": {"duration": 0.0, "steps": []}, "error_msg": [], "error_lines": [], "error_step": null, "error_background": false, "id_hash": "19539aeb7cc14d9b83a3f18aa6695510", "identifier_hash": "e515c55811a870a961688dc1a642d2947d2fd62fca1f572c0bb3f4163a65a5f6", "process_id": "2220", "worker_id": "0"}], "background": {}, "id": 16739}], "steps_definition": {"192690671948980": "User enters '{username}' as username", "213548145307333": "User on the login page", "26917957609233": "User submit the login form", "123139188092141": "User navigates to the inventory page", "261766731892203": "User should see an error message indicating incorrect/incomplete credentials"}}