<testsuite name="checkout.Checkout Page" tests="2" errors="1" failures="1" skipped="0" time="41.071174" timestamp="2025-12-22T15:06:19.707504" hostname="DESKTOP-SFTALKM"><testcase classname="checkout.Checkout Page" name="Cancel checkout" status="failed" time="5.540911"><failure type="AssertionError" message="Cart badge count mismatch. Expected 1, but got 3">
<![CDATA[
Failing step: When User adds item 'backpack' to the cart ... failed in 1.037s
Location: features/checkout.feature:6
ASSERT FAILED: Cart badge count mismatch. Expected 1, but got 3]]>
</failure><system-out>
<![CDATA[
@scenario.begin
  Scenario: Cancel checkout
    Given User login as 'problem' user ... passed in 4.454s
    Then User navigates to the inventory page ... passed in 0.050s
    When User adds item 'backpack' to the cart ... failed in 1.037s
    And User adds item 'Onesie' to the cart ... skipped in 0.000s
    And User clicks on the cart icon ... skipped in 0.000s
    And User proceeds to checkout page ... skipped in 0.000s
    When User fills checkout details with first name:'John', last name:'Problem', and postal code:'12345' ... skipped in 0.000s
    And User clicks Cancel on overview ... skipped in 0.000s
    Then User navigates to the cart page ... skipped in 0.000s
    And The cart badge should show the correct number of items ... skipped in 0.000s

@scenario.end
--------------------------------------------------------------------------------

Captured stdout:
Item name: sauce-labs-backpack

]]>
</system-out></testcase><testcase classname="checkout.Checkout Page" name="Error on empty checkout fields" status="error" time="35.530262"><error type="TimeoutError" message="Locator.click: Timeout 30000ms exceeded.&#10;Call log:&#10;  - waiting for locator(&quot;#add-to-cart-sauce-labs-backpack&quot;)">
<![CDATA[
Failing step: When User adds item 'backpack' to the cart ... error in 31.026s
Location: features/checkout.feature:6
Traceback (most recent call last):
  File "C:\Users\hp\Documents\karunesh\Playwright\.venv\lib\site-packages\behave\model.py", line 1991, in run
    match.run(runner.context)
  File "C:\Users\hp\Documents\karunesh\Playwright\.venv\lib\site-packages\behave\matchers.py", line 105, in run
    self.func(context, *args, **kwargs)
  File "features\steps\cart_steps.py", line 22, in step_add_item_to_cart
    context.inventory_page.add_to_cart(item)
  File "C:\Users\hp\Documents\karunesh\Playwright\Behave\features\..\pages\inventory_page.py", line 134, in add_to_cart
    add_button.click()
  File "C:\Users\hp\Documents\karunesh\Playwright\.venv\lib\site-packages\playwright\sync_api\_generated.py", line 15573, in click
    self._sync(
  File "C:\Users\hp\Documents\karunesh\Playwright\.venv\lib\site-packages\playwright\_impl\_sync_base.py", line 115, in _sync
    return task.result()
  File "C:\Users\hp\Documents\karunesh\Playwright\.venv\lib\site-packages\playwright\_impl\_locator.py", line 160, in click
    return await self._frame.click(self._selector, strict=True, **params)
  File "C:\Users\hp\Documents\karunesh\Playwright\.venv\lib\site-packages\playwright\_impl\_frame.py", line 549, in click
    await self._channel.send("click", self._timeout, locals_to_params(locals()))
  File "C:\Users\hp\Documents\karunesh\Playwright\.venv\lib\site-packages\playwright\_impl\_connection.py", line 69, in send
    return await self._connection.wrap_api_call(
  File "C:\Users\hp\Documents\karunesh\Playwright\.venv\lib\site-packages\playwright\_impl\_connection.py", line 559, in wrap_api_call
    raise rewrite_error(error, f"{parsed_st['apiName']}: {error}") from None
playwright._impl._errors.TimeoutError: Locator.click: Timeout 30000ms exceeded.
Call log:
  - waiting for locator("#add-to-cart-sauce-labs-backpack")

]]>
</error><system-out>
<![CDATA[
@scenario.begin
  Scenario: Error on empty checkout fields
    Given User login as 'problem' user ... passed in 4.452s
    Then User navigates to the inventory page ... passed in 0.052s
    When User adds item 'backpack' to the cart ... error in 31.026s
    And User adds item 'Onesie' to the cart ... skipped in 0.000s
    And User clicks on the cart icon ... skipped in 0.000s
    And User proceeds to checkout page ... skipped in 0.000s
    When User fills checkout details with first name:'John', last name:'Problem', and postal code:'12345' ... skipped in 0.000s
    Then User continue from checkout overview ... skipped in 0.000s
    And Error: Last Name is required should be displayed ... skipped in 0.000s

@scenario.end
--------------------------------------------------------------------------------

Captured stdout:
Item name: sauce-labs-backpack

]]>
</system-out></testcase></testsuite>